2024-09-26 09:55:27,889 [Worker-4: Loading available Gradle versions] INFO  o.e.b.c.i.u.g.PublishedGradleVersions - Gradle version information cache is up-to-date. Trying to read.
2024-09-26 13:08:40,734 [Worker-33: reload maven project] INFO  o.e.m.c.i.e.AbstractTransferListenerAdapter - Downloaded https://jitpack.io/dom4j/dom4j/1.6.1/dom4j-1.6.1.pom
2024-09-26 13:08:40,932 [Worker-33: reload maven project] INFO  o.e.m.c.i.e.AbstractTransferListenerAdapter - Downloaded https://dev-iesl.cs.umass.edu/nexus/content/repositories/releases/dom4j/dom4j/1.6.1/dom4j-1.6.1.pom
2024-09-26 13:08:41,678 [Worker-33: reload maven project] INFO  o.e.m.c.i.e.AbstractTransferListenerAdapter - Downloading http://maven.aksw.org/repository/internal/dom4j/dom4j/1.6.1/dom4j-1.6.1.pom
2024-09-26 13:08:41,962 [Worker-33: reload maven project] INFO  o.e.m.c.i.e.AbstractTransferListenerAdapter - Downloaded http://maven.aksw.org/repository/internal/dom4j/dom4j/1.6.1/dom4j-1.6.1.pom
2024-09-26 13:08:42,234 [Worker-33: reload maven project] INFO  o.e.m.c.i.e.AbstractTransferListenerAdapter - Downloaded https://jitpack.io/org/semanticweb/elk/elk-owlapi-standalone/0.4.1/elk-owlapi-standalone-0.4.1.pom
2024-09-26 13:08:42,253 [Worker-33: reload maven project] INFO  o.e.m.c.i.e.AbstractTransferListenerAdapter - Downloaded https://dev-iesl.cs.umass.edu/nexus/content/repositories/releases/org/semanticweb/elk/elk-owlapi-standalone/0.4.1/elk-owlapi-standalone-0.4.1.pom
2024-09-26 13:08:42,489 [Worker-33: reload maven project] INFO  o.e.m.c.i.e.AbstractTransferListenerAdapter - Downloaded http://maven.aksw.org/repository/internal/org/semanticweb/elk/elk-owlapi-standalone/0.4.1/elk-owlapi-standalone-0.4.1.pom
2024-09-26 13:08:42,945 [Worker-33: reload maven project] INFO  o.e.m.c.i.e.AbstractTransferListenerAdapter - Downloaded http://maven.aksw.org/repository/snapshots/org/semanticweb/elk/elk-owlapi-standalone/0.4.1/elk-owlapi-standalone-0.4.1.pom
2024-09-26 13:08:43,002 [Worker-33: reload maven project] INFO  o.e.m.c.i.e.AbstractTransferListenerAdapter - Downloaded file://C:\AML-Project-master\AgreementMakerLight/src/lib/org/semanticweb/elk/elk-owlapi-standalone/0.4.1/elk-owlapi-standalone-0.4.1.pom
2024-09-26 13:08:43,258 [Worker-33: reload maven project] INFO  o.e.m.c.i.e.AbstractTransferListenerAdapter - Downloading https://repo.maven.apache.org/maven2/org/semanticweb/elk/elk-owlapi-standalone/0.4.1/elk-owlapi-standalone-0.4.1.pom
2024-09-26 13:08:43,461 [Worker-33: reload maven project] INFO  o.e.m.c.i.e.AbstractTransferListenerAdapter - Downloaded https://repo.maven.apache.org/maven2/org/semanticweb/elk/elk-owlapi-standalone/0.4.1/elk-owlapi-standalone-0.4.1.pom
2024-09-26 13:08:43,979 [Worker-33: reload maven project] INFO  o.e.m.c.i.e.AbstractTransferListenerAdapter - Downloaded https://jitpack.io/org/semanticweb/elk/elk-parent/0.4.1/elk-parent-0.4.1.pom
2024-09-26 13:08:44,001 [Worker-33: reload maven project] INFO  o.e.m.c.i.e.AbstractTransferListenerAdapter - Downloaded https://dev-iesl.cs.umass.edu/nexus/content/repositories/releases/org/semanticweb/elk/elk-parent/0.4.1/elk-parent-0.4.1.pom
2024-09-26 13:08:44,246 [Worker-33: reload maven project] INFO  o.e.m.c.i.e.AbstractTransferListenerAdapter - Downloading http://maven.aksw.org/repository/internal/org/semanticweb/elk/elk-parent/0.4.1/elk-parent-0.4.1.pom
2024-09-26 13:08:44,511 [Worker-33: reload maven project] INFO  o.e.m.c.i.e.AbstractTransferListenerAdapter - Downloaded http://maven.aksw.org/repository/internal/org/semanticweb/elk/elk-parent/0.4.1/elk-parent-0.4.1.pom
2024-09-26 13:08:45,048 [Worker-33: reload maven project] INFO  o.e.m.c.i.e.AbstractTransferListenerAdapter - Downloaded https://jitpack.io/org/semanticweb/elk/elk-owlapi/0.4.1/elk-owlapi-0.4.1.pom
2024-09-26 13:08:45,069 [Worker-33: reload maven project] INFO  o.e.m.c.i.e.AbstractTransferListenerAdapter - Downloaded https://dev-iesl.cs.umass.edu/nexus/content/repositories/releases/org/semanticweb/elk/elk-owlapi/0.4.1/elk-owlapi-0.4.1.pom
2024-09-26 13:08:45,304 [Worker-33: reload maven project] INFO  o.e.m.c.i.e.AbstractTransferListenerAdapter - Downloading http://maven.aksw.org/repository/internal/org/semanticweb/elk/elk-owlapi/0.4.1/elk-owlapi-0.4.1.pom
2024-09-26 13:08:45,569 [Worker-33: reload maven project] INFO  o.e.m.c.i.e.AbstractTransferListenerAdapter - Downloaded http://maven.aksw.org/repository/internal/org/semanticweb/elk/elk-owlapi/0.4.1/elk-owlapi-0.4.1.pom
2024-09-26 13:08:45,600 [Worker-33: reload maven project] INFO  o.e.m.c.i.e.AbstractTransferListenerAdapter - Downloaded https://jitpack.io/net/sourceforge/owlapi/owlapi-apibinding/3.4.5/owlapi-apibinding-3.4.5.pom
2024-09-26 13:08:45,612 [Worker-33: reload maven project] INFO  o.e.m.c.i.e.AbstractTransferListenerAdapter - Downloaded https://dev-iesl.cs.umass.edu/nexus/content/repositories/releases/net/sourceforge/owlapi/owlapi-apibinding/3.4.5/owlapi-apibinding-3.4.5.pom
2024-09-26 13:08:45,847 [Worker-33: reload maven project] INFO  o.e.m.c.i.e.AbstractTransferListenerAdapter - Downloaded http://maven.aksw.org/repository/internal/net/sourceforge/owlapi/owlapi-apibinding/3.4.5/owlapi-apibinding-3.4.5.pom
2024-09-26 13:08:46,079 [Worker-33: reload maven project] INFO  o.e.m.c.i.e.AbstractTransferListenerAdapter - Downloaded http://maven.aksw.org/repository/snapshots/net/sourceforge/owlapi/owlapi-apibinding/3.4.5/owlapi-apibinding-3.4.5.pom
2024-09-26 13:08:46,102 [Worker-33: reload maven project] INFO  o.e.m.c.i.e.AbstractTransferListenerAdapter - Downloaded file://C:\AML-Project-master\AgreementMakerLight/src/lib/net/sourceforge/owlapi/owlapi-apibinding/3.4.5/owlapi-apibinding-3.4.5.pom
2024-09-26 13:08:46,223 [Worker-33: reload maven project] INFO  o.e.m.c.i.e.AbstractTransferListenerAdapter - Downloading https://repo.maven.apache.org/maven2/net/sourceforge/owlapi/owlapi-apibinding/3.4.5/owlapi-apibinding-3.4.5.pom
2024-09-26 13:08:46,390 [Worker-33: reload maven project] INFO  o.e.m.c.i.e.AbstractTransferListenerAdapter - Downloaded https://repo.maven.apache.org/maven2/net/sourceforge/owlapi/owlapi-apibinding/3.4.5/owlapi-apibinding-3.4.5.pom
2024-09-26 13:08:46,427 [Worker-33: reload maven project] INFO  o.e.m.c.i.e.AbstractTransferListenerAdapter - Downloaded https://jitpack.io/net/sourceforge/owlapi/owlapi-parent/3.4.5/owlapi-parent-3.4.5.pom
2024-09-26 13:08:46,439 [Worker-33: reload maven project] INFO  o.e.m.c.i.e.AbstractTransferListenerAdapter - Downloaded https://dev-iesl.cs.umass.edu/nexus/content/repositories/releases/net/sourceforge/owlapi/owlapi-parent/3.4.5/owlapi-parent-3.4.5.pom
2024-09-26 13:08:46,671 [Worker-33: reload maven project] INFO  o.e.m.c.i.e.AbstractTransferListenerAdapter - Downloaded http://maven.aksw.org/repository/internal/net/sourceforge/owlapi/owlapi-parent/3.4.5/owlapi-parent-3.4.5.pom
2024-09-26 13:08:46,912 [Worker-33: reload maven project] INFO  o.e.m.c.i.e.AbstractTransferListenerAdapter - Downloaded http://maven.aksw.org/repository/snapshots/net/sourceforge/owlapi/owlapi-parent/3.4.5/owlapi-parent-3.4.5.pom
2024-09-26 13:08:46,937 [Worker-33: reload maven project] INFO  o.e.m.c.i.e.AbstractTransferListenerAdapter - Downloaded file://C:\AML-Project-master\AgreementMakerLight/src/lib/net/sourceforge/owlapi/owlapi-parent/3.4.5/owlapi-parent-3.4.5.pom
2024-09-26 13:08:47,083 [Worker-33: reload maven project] INFO  o.e.m.c.i.e.AbstractTransferListenerAdapter - Downloading https://repo.maven.apache.org/maven2/net/sourceforge/owlapi/owlapi-parent/3.4.5/owlapi-parent-3.4.5.pom
2024-09-26 13:08:47,242 [Worker-33: reload maven project] INFO  o.e.m.c.i.e.AbstractTransferListenerAdapter - Downloaded https://repo.maven.apache.org/maven2/net/sourceforge/owlapi/owlapi-parent/3.4.5/owlapi-parent-3.4.5.pom
2024-09-26 13:08:47,273 [Worker-33: reload maven project] INFO  o.e.m.c.i.e.AbstractTransferListenerAdapter - Downloaded https://dev-iesl.cs.umass.edu/nexus/content/repositories/releases/org/sonatype/oss/oss-parent/6/oss-parent-6.pom
2024-09-26 13:08:47,506 [Worker-33: reload maven project] INFO  o.e.m.c.i.e.AbstractTransferListenerAdapter - Downloading http://maven.aksw.org/repository/internal/org/sonatype/oss/oss-parent/6/oss-parent-6.pom
2024-09-26 13:08:47,759 [Worker-33: reload maven project] INFO  o.e.m.c.i.e.AbstractTransferListenerAdapter - Downloaded http://maven.aksw.org/repository/internal/org/sonatype/oss/oss-parent/6/oss-parent-6.pom
2024-09-26 13:08:47,791 [Worker-33: reload maven project] INFO  o.e.m.c.i.e.AbstractTransferListenerAdapter - Downloaded https://dev-iesl.cs.umass.edu/nexus/content/repositories/releases/net/sourceforge/owlapi/owlapi-api/3.4.5/owlapi-api-3.4.5.pom
2024-09-26 13:08:48,031 [Worker-33: reload maven project] INFO  o.e.m.c.i.e.AbstractTransferListenerAdapter - Downloaded http://maven.aksw.org/repository/internal/net/sourceforge/owlapi/owlapi-api/3.4.5/owlapi-api-3.4.5.pom
2024-09-26 13:08:48,273 [Worker-33: reload maven project] INFO  o.e.m.c.i.e.AbstractTransferListenerAdapter - Downloaded http://maven.aksw.org/repository/snapshots/net/sourceforge/owlapi/owlapi-api/3.4.5/owlapi-api-3.4.5.pom
2024-09-26 13:08:48,288 [Worker-33: reload maven project] INFO  o.e.m.c.i.e.AbstractTransferListenerAdapter - Downloaded file://C:\AML-Project-master\AgreementMakerLight/src/lib/net/sourceforge/owlapi/owlapi-api/3.4.5/owlapi-api-3.4.5.pom
2024-09-26 13:08:48,402 [Worker-33: reload maven project] INFO  o.e.m.c.i.e.AbstractTransferListenerAdapter - Downloading https://repo.maven.apache.org/maven2/net/sourceforge/owlapi/owlapi-api/3.4.5/owlapi-api-3.4.5.pom
2024-09-26 13:08:48,569 [Worker-33: reload maven project] INFO  o.e.m.c.i.e.AbstractTransferListenerAdapter - Downloaded https://repo.maven.apache.org/maven2/net/sourceforge/owlapi/owlapi-api/3.4.5/owlapi-api-3.4.5.pom
2024-09-26 13:08:49,173 [Worker-33: reload maven project] INFO  o.e.m.c.i.e.AbstractTransferListenerAdapter - Downloaded https://jitpack.io/org/apache/felix/org.osgi.core/1.0.0/org.osgi.core-1.0.0.pom
2024-09-26 13:08:49,414 [Worker-33: reload maven project] INFO  o.e.m.c.i.e.AbstractTransferListenerAdapter - Downloaded http://maven.aksw.org/repository/internal/org/apache/felix/org.osgi.core/1.0.0/org.osgi.core-1.0.0.pom
2024-09-26 13:08:49,654 [Worker-33: reload maven project] INFO  o.e.m.c.i.e.AbstractTransferListenerAdapter - Downloaded http://maven.aksw.org/repository/snapshots/org/apache/felix/org.osgi.core/1.0.0/org.osgi.core-1.0.0.pom
2024-09-26 13:08:49,678 [Worker-33: reload maven project] INFO  o.e.m.c.i.e.AbstractTransferListenerAdapter - Downloaded file://C:\AML-Project-master\AgreementMakerLight/src/lib/org/apache/felix/org.osgi.core/1.0.0/org.osgi.core-1.0.0.pom
2024-09-26 13:08:49,701 [Worker-33: reload maven project] INFO  o.e.m.c.i.e.AbstractTransferListenerAdapter - Downloading https://repo.maven.apache.org/maven2/org/apache/felix/org.osgi.core/1.0.0/org.osgi.core-1.0.0.pom
2024-09-26 13:08:49,742 [Worker-33: reload maven project] INFO  o.e.m.c.i.e.AbstractTransferListenerAdapter - Downloaded https://repo.maven.apache.org/maven2/org/apache/felix/org.osgi.core/1.0.0/org.osgi.core-1.0.0.pom
2024-09-26 13:08:50,229 [Worker-33: reload maven project] INFO  o.e.m.c.i.e.AbstractTransferListenerAdapter - Downloaded https://jitpack.io/org/apache/felix/felix/1.0.0/felix-1.0.0.pom
2024-09-26 13:08:50,469 [Worker-33: reload maven project] INFO  o.e.m.c.i.e.AbstractTransferListenerAdapter - Downloaded http://maven.aksw.org/repository/internal/org/apache/felix/felix/1.0.0/felix-1.0.0.pom
2024-09-26 13:08:50,709 [Worker-33: reload maven project] INFO  o.e.m.c.i.e.AbstractTransferListenerAdapter - Downloaded http://maven.aksw.org/repository/snapshots/org/apache/felix/felix/1.0.0/felix-1.0.0.pom
2024-09-26 13:08:50,724 [Worker-33: reload maven project] INFO  o.e.m.c.i.e.AbstractTransferListenerAdapter - Downloaded file://C:\AML-Project-master\AgreementMakerLight/src/lib/org/apache/felix/felix/1.0.0/felix-1.0.0.pom
2024-09-26 13:08:50,758 [Worker-33: reload maven project] INFO  o.e.m.c.i.e.AbstractTransferListenerAdapter - Downloading https://repo.maven.apache.org/maven2/org/apache/felix/felix/1.0.0/felix-1.0.0.pom
2024-09-26 13:08:50,803 [Worker-33: reload maven project] INFO  o.e.m.c.i.e.AbstractTransferListenerAdapter - Downloaded https://repo.maven.apache.org/maven2/org/apache/felix/felix/1.0.0/felix-1.0.0.pom
2024-09-26 13:08:51,043 [Worker-33: reload maven project] INFO  o.e.m.c.i.e.AbstractTransferListenerAdapter - Downloaded http://maven.aksw.org/repository/internal/net/sourceforge/owlapi/owlapi-impl/3.4.5/owlapi-impl-3.4.5.pom
2024-09-26 13:08:51,278 [Worker-33: reload maven project] INFO  o.e.m.c.i.e.AbstractTransferListenerAdapter - Downloaded http://maven.aksw.org/repository/snapshots/net/sourceforge/owlapi/owlapi-impl/3.4.5/owlapi-impl-3.4.5.pom
2024-09-26 13:08:51,299 [Worker-33: reload maven project] INFO  o.e.m.c.i.e.AbstractTransferListenerAdapter - Downloaded file://C:\AML-Project-master\AgreementMakerLight/src/lib/net/sourceforge/owlapi/owlapi-impl/3.4.5/owlapi-impl-3.4.5.pom
2024-09-26 13:08:51,389 [Worker-33: reload maven project] INFO  o.e.m.c.i.e.AbstractTransferListenerAdapter - Downloading https://repo.maven.apache.org/maven2/net/sourceforge/owlapi/owlapi-impl/3.4.5/owlapi-impl-3.4.5.pom
2024-09-26 13:08:51,567 [Worker-33: reload maven project] INFO  o.e.m.c.i.e.AbstractTransferListenerAdapter - Downloaded https://repo.maven.apache.org/maven2/net/sourceforge/owlapi/owlapi-impl/3.4.5/owlapi-impl-3.4.5.pom
2024-09-26 13:08:51,945 [Worker-33: reload maven project] INFO  o.e.m.c.i.e.AbstractTransferListenerAdapter - Downloaded https://dev-iesl.cs.umass.edu/nexus/content/repositories/releases/net/sourceforge/owlapi/owlapi-parsers/3.4.5/owlapi-parsers-3.4.5.pom
2024-09-26 13:08:52,187 [Worker-33: reload maven project] INFO  o.e.m.c.i.e.AbstractTransferListenerAdapter - Downloaded http://maven.aksw.org/repository/snapshots/net/sourceforge/owlapi/owlapi-parsers/3.4.5/owlapi-parsers-3.4.5.pom
2024-09-26 13:08:52,211 [Worker-33: reload maven project] INFO  o.e.m.c.i.e.AbstractTransferListenerAdapter - Downloaded file://C:\AML-Project-master\AgreementMakerLight/src/lib/net/sourceforge/owlapi/owlapi-parsers/3.4.5/owlapi-parsers-3.4.5.pom
2024-09-26 13:08:52,243 [Worker-33: reload maven project] INFO  o.e.m.c.i.e.AbstractTransferListenerAdapter - Downloading https://repo.maven.apache.org/maven2/net/sourceforge/owlapi/owlapi-parsers/3.4.5/owlapi-parsers-3.4.5.pom
2024-09-26 13:08:52,379 [Worker-33: reload maven project] INFO  o.e.m.c.i.e.AbstractTransferListenerAdapter - Downloaded https://repo.maven.apache.org/maven2/net/sourceforge/owlapi/owlapi-parsers/3.4.5/owlapi-parsers-3.4.5.pom
2024-09-26 13:08:52,409 [Worker-33: reload maven project] INFO  o.e.m.c.i.e.AbstractTransferListenerAdapter - Downloaded https://dev-iesl.cs.umass.edu/nexus/content/repositories/releases/net/sourceforge/owlapi/owlapi-tools/3.4.5/owlapi-tools-3.4.5.pom
2024-09-26 13:08:52,646 [Worker-33: reload maven project] INFO  o.e.m.c.i.e.AbstractTransferListenerAdapter - Downloaded http://maven.aksw.org/repository/internal/net/sourceforge/owlapi/owlapi-tools/3.4.5/owlapi-tools-3.4.5.pom
2024-09-26 13:08:52,891 [Worker-33: reload maven project] INFO  o.e.m.c.i.e.AbstractTransferListenerAdapter - Downloaded http://maven.aksw.org/repository/snapshots/net/sourceforge/owlapi/owlapi-tools/3.4.5/owlapi-tools-3.4.5.pom
2024-09-26 13:08:52,915 [Worker-33: reload maven project] INFO  o.e.m.c.i.e.AbstractTransferListenerAdapter - Downloaded file://C:\AML-Project-master\AgreementMakerLight/src/lib/net/sourceforge/owlapi/owlapi-tools/3.4.5/owlapi-tools-3.4.5.pom
2024-09-26 13:08:53,028 [Worker-33: reload maven project] INFO  o.e.m.c.i.e.AbstractTransferListenerAdapter - Downloading https://repo.maven.apache.org/maven2/net/sourceforge/owlapi/owlapi-tools/3.4.5/owlapi-tools-3.4.5.pom
2024-09-26 13:08:53,200 [Worker-33: reload maven project] INFO  o.e.m.c.i.e.AbstractTransferListenerAdapter - Downloaded https://repo.maven.apache.org/maven2/net/sourceforge/owlapi/owlapi-tools/3.4.5/owlapi-tools-3.4.5.pom
2024-09-26 13:08:53,397 [Worker-33: reload maven project] INFO  o.e.m.c.i.e.AbstractTransferListenerAdapter - Downloaded https://jitpack.io/org/semanticweb/elk/elk-owl-model/0.4.1/elk-owl-model-0.4.1.pom
2024-09-26 13:08:53,637 [Worker-33: reload maven project] INFO  o.e.m.c.i.e.AbstractTransferListenerAdapter - Downloading http://maven.aksw.org/repository/internal/org/semanticweb/elk/elk-owl-model/0.4.1/elk-owl-model-0.4.1.pom
2024-09-26 13:08:53,897 [Worker-33: reload maven project] INFO  o.e.m.c.i.e.AbstractTransferListenerAdapter - Downloaded http://maven.aksw.org/repository/internal/org/semanticweb/elk/elk-owl-model/0.4.1/elk-owl-model-0.4.1.pom
2024-09-26 13:08:54,083 [Worker-33: reload maven project] INFO  o.e.m.c.i.e.AbstractTransferListenerAdapter - Downloaded https://jitpack.io/org/semanticweb/elk/elk-owl-parent/0.4.1/elk-owl-parent-0.4.1.pom
2024-09-26 13:08:54,323 [Worker-33: reload maven project] INFO  o.e.m.c.i.e.AbstractTransferListenerAdapter - Downloading http://maven.aksw.org/repository/internal/org/semanticweb/elk/elk-owl-parent/0.4.1/elk-owl-parent-0.4.1.pom
2024-09-26 13:08:54,565 [Worker-33: reload maven project] INFO  o.e.m.c.i.e.AbstractTransferListenerAdapter - Downloaded http://maven.aksw.org/repository/internal/org/semanticweb/elk/elk-owl-parent/0.4.1/elk-owl-parent-0.4.1.pom
2024-09-26 13:08:54,668 [Worker-33: reload maven project] INFO  o.e.m.c.i.e.AbstractTransferListenerAdapter - Downloaded https://jitpack.io/org/semanticweb/elk/elk-owl-implementation/0.4.1/elk-owl-implementation-0.4.1.pom
2024-09-26 13:08:54,695 [Worker-33: reload maven project] INFO  o.e.m.c.i.e.AbstractTransferListenerAdapter - Downloaded https://dev-iesl.cs.umass.edu/nexus/content/repositories/releases/org/semanticweb/elk/elk-owl-implementation/0.4.1/elk-owl-implementation-0.4.1.pom
2024-09-26 13:08:54,945 [Worker-33: reload maven project] INFO  o.e.m.c.i.e.AbstractTransferListenerAdapter - Downloading http://maven.aksw.org/repository/internal/org/semanticweb/elk/elk-owl-implementation/0.4.1/elk-owl-implementation-0.4.1.pom
2024-09-26 13:08:55,199 [Worker-33: reload maven project] INFO  o.e.m.c.i.e.AbstractTransferListenerAdapter - Downloaded http://maven.aksw.org/repository/internal/org/semanticweb/elk/elk-owl-implementation/0.4.1/elk-owl-implementation-0.4.1.pom
2024-09-26 13:08:55,707 [Worker-33: reload maven project] INFO  o.e.m.c.i.e.AbstractTransferListenerAdapter - Downloaded https://jitpack.io/org/semanticweb/elk/elk-util-hashing/0.4.1/elk-util-hashing-0.4.1.pom
2024-09-26 13:08:55,942 [Worker-33: reload maven project] INFO  o.e.m.c.i.e.AbstractTransferListenerAdapter - Downloading http://maven.aksw.org/repository/internal/org/semanticweb/elk/elk-util-hashing/0.4.1/elk-util-hashing-0.4.1.pom
2024-09-26 13:08:56,196 [Worker-33: reload maven project] INFO  o.e.m.c.i.e.AbstractTransferListenerAdapter - Downloaded http://maven.aksw.org/repository/internal/org/semanticweb/elk/elk-util-hashing/0.4.1/elk-util-hashing-0.4.1.pom
2024-09-26 13:08:56,712 [Worker-33: reload maven project] INFO  o.e.m.c.i.e.AbstractTransferListenerAdapter - Downloaded https://jitpack.io/org/semanticweb/elk/elk-util-parent/0.4.1/elk-util-parent-0.4.1.pom
2024-09-26 13:08:56,733 [Worker-33: reload maven project] INFO  o.e.m.c.i.e.AbstractTransferListenerAdapter - Downloaded https://dev-iesl.cs.umass.edu/nexus/content/repositories/releases/org/semanticweb/elk/elk-util-parent/0.4.1/elk-util-parent-0.4.1.pom
2024-09-26 13:08:56,975 [Worker-33: reload maven project] INFO  o.e.m.c.i.e.AbstractTransferListenerAdapter - Downloading http://maven.aksw.org/repository/internal/org/semanticweb/elk/elk-util-parent/0.4.1/elk-util-parent-0.4.1.pom
2024-09-26 13:08:57,239 [Worker-33: reload maven project] INFO  o.e.m.c.i.e.AbstractTransferListenerAdapter - Downloaded http://maven.aksw.org/repository/internal/org/semanticweb/elk/elk-util-parent/0.4.1/elk-util-parent-0.4.1.pom
2024-09-26 13:08:57,736 [Worker-33: reload maven project] INFO  o.e.m.c.i.e.AbstractTransferListenerAdapter - Downloaded https://jitpack.io/org/semanticweb/elk/elk-reasoner/0.4.1/elk-reasoner-0.4.1.pom
2024-09-26 13:08:57,767 [Worker-33: reload maven project] INFO  o.e.m.c.i.e.AbstractTransferListenerAdapter - Downloaded https://dev-iesl.cs.umass.edu/nexus/content/repositories/releases/org/semanticweb/elk/elk-reasoner/0.4.1/elk-reasoner-0.4.1.pom
2024-09-26 13:08:58,008 [Worker-33: reload maven project] INFO  o.e.m.c.i.e.AbstractTransferListenerAdapter - Downloading http://maven.aksw.org/repository/internal/org/semanticweb/elk/elk-reasoner/0.4.1/elk-reasoner-0.4.1.pom
2024-09-26 13:08:58,263 [Worker-33: reload maven project] INFO  o.e.m.c.i.e.AbstractTransferListenerAdapter - Downloaded http://maven.aksw.org/repository/internal/org/semanticweb/elk/elk-reasoner/0.4.1/elk-reasoner-0.4.1.pom
2024-09-26 13:08:58,759 [Worker-33: reload maven project] INFO  o.e.m.c.i.e.AbstractTransferListenerAdapter - Downloaded https://jitpack.io/org/semanticweb/elk/elk-util-collections/0.4.1/elk-util-collections-0.4.1.pom
2024-09-26 13:08:58,773 [Worker-33: reload maven project] INFO  o.e.m.c.i.e.AbstractTransferListenerAdapter - Downloaded https://dev-iesl.cs.umass.edu/nexus/content/repositories/releases/org/semanticweb/elk/elk-util-collections/0.4.1/elk-util-collections-0.4.1.pom
2024-09-26 13:08:59,014 [Worker-33: reload maven project] INFO  o.e.m.c.i.e.AbstractTransferListenerAdapter - Downloading http://maven.aksw.org/repository/internal/org/semanticweb/elk/elk-util-collections/0.4.1/elk-util-collections-0.4.1.pom
2024-09-26 13:08:59,273 [Worker-33: reload maven project] INFO  o.e.m.c.i.e.AbstractTransferListenerAdapter - Downloaded http://maven.aksw.org/repository/internal/org/semanticweb/elk/elk-util-collections/0.4.1/elk-util-collections-0.4.1.pom
2024-09-26 13:08:59,785 [Worker-33: reload maven project] INFO  o.e.m.c.i.e.AbstractTransferListenerAdapter - Downloaded https://jitpack.io/org/semanticweb/elk/elk-util-concurrent/0.4.1/elk-util-concurrent-0.4.1.pom
2024-09-26 13:09:00,026 [Worker-33: reload maven project] INFO  o.e.m.c.i.e.AbstractTransferListenerAdapter - Downloading http://maven.aksw.org/repository/internal/org/semanticweb/elk/elk-util-concurrent/0.4.1/elk-util-concurrent-0.4.1.pom
2024-09-26 13:09:00,278 [Worker-33: reload maven project] INFO  o.e.m.c.i.e.AbstractTransferListenerAdapter - Downloaded http://maven.aksw.org/repository/internal/org/semanticweb/elk/elk-util-concurrent/0.4.1/elk-util-concurrent-0.4.1.pom
2024-09-26 13:09:00,787 [Worker-33: reload maven project] INFO  o.e.m.c.i.e.AbstractTransferListenerAdapter - Downloaded https://jitpack.io/org/semanticweb/elk/elk-util-logging/0.4.1/elk-util-logging-0.4.1.pom
2024-09-26 13:09:01,029 [Worker-33: reload maven project] INFO  o.e.m.c.i.e.AbstractTransferListenerAdapter - Downloading http://maven.aksw.org/repository/internal/org/semanticweb/elk/elk-util-logging/0.4.1/elk-util-logging-0.4.1.pom
2024-09-26 13:09:01,287 [Worker-33: reload maven project] INFO  o.e.m.c.i.e.AbstractTransferListenerAdapter - Downloaded http://maven.aksw.org/repository/internal/org/semanticweb/elk/elk-util-logging/0.4.1/elk-util-logging-0.4.1.pom
2024-09-26 13:09:01,541 [Worker-33: reload maven project] INFO  o.e.m.c.i.e.AbstractTransferListenerAdapter - Downloading http://maven.aksw.org/repository/internal/log4j/log4j/1.2.14/log4j-1.2.14.pom
2024-09-26 13:09:01,813 [Worker-33: reload maven project] INFO  o.e.m.c.i.e.AbstractTransferListenerAdapter - Downloaded http://maven.aksw.org/repository/internal/log4j/log4j/1.2.14/log4j-1.2.14.pom
2024-09-26 13:09:02,398 [Worker-33: reload maven project] INFO  o.e.m.c.i.e.AbstractTransferListenerAdapter - Downloaded https://jitpack.io/org/semanticweb/elk/elk-util-common/0.4.1/elk-util-common-0.4.1.pom
2024-09-26 13:09:02,632 [Worker-33: reload maven project] INFO  o.e.m.c.i.e.AbstractTransferListenerAdapter - Downloading http://maven.aksw.org/repository/internal/org/semanticweb/elk/elk-util-common/0.4.1/elk-util-common-0.4.1.pom
2024-09-26 13:09:02,895 [Worker-33: reload maven project] INFO  o.e.m.c.i.e.AbstractTransferListenerAdapter - Downloaded http://maven.aksw.org/repository/internal/org/semanticweb/elk/elk-util-common/0.4.1/elk-util-common-0.4.1.pom
2024-09-26 13:09:03,399 [Worker-33: reload maven project] INFO  o.e.m.c.i.e.AbstractTransferListenerAdapter - Downloaded https://jitpack.io/org/semanticweb/elk/elk-util-io/0.4.1/elk-util-io-0.4.1.pom
2024-09-26 13:09:03,673 [Worker-33: reload maven project] INFO  o.e.m.c.i.e.AbstractTransferListenerAdapter - Downloading http://maven.aksw.org/repository/internal/org/semanticweb/elk/elk-util-io/0.4.1/elk-util-io-0.4.1.pom
2024-09-26 13:09:03,936 [Worker-33: reload maven project] INFO  o.e.m.c.i.e.AbstractTransferListenerAdapter - Downloaded http://maven.aksw.org/repository/internal/org/semanticweb/elk/elk-util-io/0.4.1/elk-util-io-0.4.1.pom
2024-09-26 13:09:04,454 [Worker-33: reload maven project] INFO  o.e.m.c.i.e.AbstractTransferListenerAdapter - Downloaded https://jitpack.io/com/memetix/microsoft-translator-java-api/0.6.2/microsoft-translator-java-api-0.6.2.pom
2024-09-26 13:09:04,695 [Worker-33: reload maven project] INFO  o.e.m.c.i.e.AbstractTransferListenerAdapter - Downloading http://maven.aksw.org/repository/internal/com/memetix/microsoft-translator-java-api/0.6.2/microsoft-translator-java-api-0.6.2.pom
2024-09-26 13:09:04,968 [Worker-33: reload maven project] INFO  o.e.m.c.i.e.AbstractTransferListenerAdapter - Downloaded http://maven.aksw.org/repository/internal/com/memetix/microsoft-translator-java-api/0.6.2/microsoft-translator-java-api-0.6.2.pom
2024-09-26 13:09:05,013 [Worker-33: reload maven project] INFO  o.e.m.c.i.e.AbstractTransferListenerAdapter - Downloaded https://jitpack.io/com/googlecode/json-simple/json-simple/1.1/json-simple-1.1.pom
2024-09-26 13:09:05,063 [Worker-33: reload maven project] INFO  o.e.m.c.i.e.AbstractTransferListenerAdapter - Downloaded https://dev-iesl.cs.umass.edu/nexus/content/repositories/releases/com/googlecode/json-simple/json-simple/1.1/json-simple-1.1.pom
2024-09-26 13:09:05,296 [Worker-33: reload maven project] INFO  o.e.m.c.i.e.AbstractTransferListenerAdapter - Downloading http://maven.aksw.org/repository/internal/com/googlecode/json-simple/json-simple/1.1/json-simple-1.1.pom
2024-09-26 13:09:05,553 [Worker-33: reload maven project] INFO  o.e.m.c.i.e.AbstractTransferListenerAdapter - Downloaded http://maven.aksw.org/repository/internal/com/googlecode/json-simple/json-simple/1.1/json-simple-1.1.pom
2024-09-26 13:09:05,796 [Worker-33: reload maven project] INFO  o.e.m.c.i.e.AbstractTransferListenerAdapter - Downloaded http://maven.aksw.org/repository/internal/net/sourceforge/owlapi/owlapi-distribution/3.4.10/owlapi-distribution-3.4.10.pom
2024-09-26 13:09:06,037 [Worker-33: reload maven project] INFO  o.e.m.c.i.e.AbstractTransferListenerAdapter - Downloaded http://maven.aksw.org/repository/snapshots/net/sourceforge/owlapi/owlapi-distribution/3.4.10/owlapi-distribution-3.4.10.pom
2024-09-26 13:09:06,060 [Worker-33: reload maven project] INFO  o.e.m.c.i.e.AbstractTransferListenerAdapter - Downloaded file://C:\AML-Project-master\AgreementMakerLight/src/lib/net/sourceforge/owlapi/owlapi-distribution/3.4.10/owlapi-distribution-3.4.10.pom
2024-09-26 13:09:06,141 [Worker-33: reload maven project] INFO  o.e.m.c.i.e.AbstractTransferListenerAdapter - Downloading https://repo.maven.apache.org/maven2/net/sourceforge/owlapi/owlapi-distribution/3.4.10/owlapi-distribution-3.4.10.pom
2024-09-26 13:09:06,325 [Worker-33: reload maven project] INFO  o.e.m.c.i.e.AbstractTransferListenerAdapter - Downloaded https://repo.maven.apache.org/maven2/net/sourceforge/owlapi/owlapi-distribution/3.4.10/owlapi-distribution-3.4.10.pom
2024-09-26 13:09:06,358 [Worker-33: reload maven project] INFO  o.e.m.c.i.e.AbstractTransferListenerAdapter - Downloaded https://dev-iesl.cs.umass.edu/nexus/content/repositories/releases/net/sourceforge/owlapi/owlapi-parent/3.4.10/owlapi-parent-3.4.10.pom
2024-09-26 13:09:06,589 [Worker-33: reload maven project] INFO  o.e.m.c.i.e.AbstractTransferListenerAdapter - Downloaded http://maven.aksw.org/repository/internal/net/sourceforge/owlapi/owlapi-parent/3.4.10/owlapi-parent-3.4.10.pom
2024-09-26 13:09:06,830 [Worker-33: reload maven project] INFO  o.e.m.c.i.e.AbstractTransferListenerAdapter - Downloaded http://maven.aksw.org/repository/snapshots/net/sourceforge/owlapi/owlapi-parent/3.4.10/owlapi-parent-3.4.10.pom
2024-09-26 13:09:06,858 [Worker-33: reload maven project] INFO  o.e.m.c.i.e.AbstractTransferListenerAdapter - Downloaded file://C:\AML-Project-master\AgreementMakerLight/src/lib/net/sourceforge/owlapi/owlapi-parent/3.4.10/owlapi-parent-3.4.10.pom
2024-09-26 13:09:06,976 [Worker-33: reload maven project] INFO  o.e.m.c.i.e.AbstractTransferListenerAdapter - Downloading https://repo.maven.apache.org/maven2/net/sourceforge/owlapi/owlapi-parent/3.4.10/owlapi-parent-3.4.10.pom
2024-09-26 13:09:07,209 [Worker-33: reload maven project] INFO  o.e.m.c.i.e.AbstractTransferListenerAdapter - Downloaded https://repo.maven.apache.org/maven2/net/sourceforge/owlapi/owlapi-parent/3.4.10/owlapi-parent-3.4.10.pom
2024-09-26 13:09:07,469 [Worker-33: reload maven project] INFO  o.e.m.c.i.e.AbstractTransferListenerAdapter - Downloaded http://maven.aksw.org/repository/internal/net/sourceforge/owlapi/owlapi-apibinding/3.4.10/owlapi-apibinding-3.4.10.pom
2024-09-26 13:09:07,715 [Worker-33: reload maven project] INFO  o.e.m.c.i.e.AbstractTransferListenerAdapter - Downloaded http://maven.aksw.org/repository/snapshots/net/sourceforge/owlapi/owlapi-apibinding/3.4.10/owlapi-apibinding-3.4.10.pom
2024-09-26 13:09:07,730 [Worker-33: reload maven project] INFO  o.e.m.c.i.e.AbstractTransferListenerAdapter - Downloaded file://C:\AML-Project-master\AgreementMakerLight/src/lib/net/sourceforge/owlapi/owlapi-apibinding/3.4.10/owlapi-apibinding-3.4.10.pom
2024-09-26 13:09:07,839 [Worker-33: reload maven project] INFO  o.e.m.c.i.e.AbstractTransferListenerAdapter - Downloading https://repo.maven.apache.org/maven2/net/sourceforge/owlapi/owlapi-apibinding/3.4.10/owlapi-apibinding-3.4.10.pom
2024-09-26 13:09:07,990 [Worker-33: reload maven project] INFO  o.e.m.c.i.e.AbstractTransferListenerAdapter - Downloaded https://repo.maven.apache.org/maven2/net/sourceforge/owlapi/owlapi-apibinding/3.4.10/owlapi-apibinding-3.4.10.pom
2024-09-26 13:09:08,010 [Worker-33: reload maven project] INFO  o.e.m.c.i.e.AbstractTransferListenerAdapter - Downloaded https://jitpack.io/net/sourceforge/owlapi/owlapi-api/3.4.10/owlapi-api-3.4.10.pom
2024-09-26 13:09:08,025 [Worker-33: reload maven project] INFO  o.e.m.c.i.e.AbstractTransferListenerAdapter - Downloaded https://dev-iesl.cs.umass.edu/nexus/content/repositories/releases/net/sourceforge/owlapi/owlapi-api/3.4.10/owlapi-api-3.4.10.pom
2024-09-26 13:09:08,280 [Worker-33: reload maven project] INFO  o.e.m.c.i.e.AbstractTransferListenerAdapter - Downloaded http://maven.aksw.org/repository/internal/net/sourceforge/owlapi/owlapi-api/3.4.10/owlapi-api-3.4.10.pom
2024-09-26 13:09:08,515 [Worker-33: reload maven project] INFO  o.e.m.c.i.e.AbstractTransferListenerAdapter - Downloaded http://maven.aksw.org/repository/snapshots/net/sourceforge/owlapi/owlapi-api/3.4.10/owlapi-api-3.4.10.pom
2024-09-26 13:09:08,539 [Worker-33: reload maven project] INFO  o.e.m.c.i.e.AbstractTransferListenerAdapter - Downloaded file://C:\AML-Project-master\AgreementMakerLight/src/lib/net/sourceforge/owlapi/owlapi-api/3.4.10/owlapi-api-3.4.10.pom
2024-09-26 13:09:08,661 [Worker-33: reload maven project] INFO  o.e.m.c.i.e.AbstractTransferListenerAdapter - Downloading https://repo.maven.apache.org/maven2/net/sourceforge/owlapi/owlapi-api/3.4.10/owlapi-api-3.4.10.pom
2024-09-26 13:09:08,825 [Worker-33: reload maven project] INFO  o.e.m.c.i.e.AbstractTransferListenerAdapter - Downloaded https://repo.maven.apache.org/maven2/net/sourceforge/owlapi/owlapi-api/3.4.10/owlapi-api-3.4.10.pom
2024-09-26 13:09:08,841 [Worker-33: reload maven project] INFO  o.e.m.c.i.e.AbstractTransferListenerAdapter - Downloaded https://jitpack.io/net/sourceforge/owlapi/owlapi-impl/3.4.10/owlapi-impl-3.4.10.pom
2024-09-26 13:09:08,853 [Worker-33: reload maven project] INFO  o.e.m.c.i.e.AbstractTransferListenerAdapter - Downloaded https://dev-iesl.cs.umass.edu/nexus/content/repositories/releases/net/sourceforge/owlapi/owlapi-impl/3.4.10/owlapi-impl-3.4.10.pom
2024-09-26 13:09:09,149 [Worker-33: reload maven project] INFO  o.e.m.c.i.e.AbstractTransferListenerAdapter - Downloaded http://maven.aksw.org/repository/internal/net/sourceforge/owlapi/owlapi-impl/3.4.10/owlapi-impl-3.4.10.pom
2024-09-26 13:09:09,385 [Worker-33: reload maven project] INFO  o.e.m.c.i.e.AbstractTransferListenerAdapter - Downloaded http://maven.aksw.org/repository/snapshots/net/sourceforge/owlapi/owlapi-impl/3.4.10/owlapi-impl-3.4.10.pom
2024-09-26 13:09:09,408 [Worker-33: reload maven project] INFO  o.e.m.c.i.e.AbstractTransferListenerAdapter - Downloaded file://C:\AML-Project-master\AgreementMakerLight/src/lib/net/sourceforge/owlapi/owlapi-impl/3.4.10/owlapi-impl-3.4.10.pom
2024-09-26 13:09:09,487 [Worker-33: reload maven project] INFO  o.e.m.c.i.e.AbstractTransferListenerAdapter - Downloading https://repo.maven.apache.org/maven2/net/sourceforge/owlapi/owlapi-impl/3.4.10/owlapi-impl-3.4.10.pom
2024-09-26 13:09:09,658 [Worker-33: reload maven project] INFO  o.e.m.c.i.e.AbstractTransferListenerAdapter - Downloaded https://repo.maven.apache.org/maven2/net/sourceforge/owlapi/owlapi-impl/3.4.10/owlapi-impl-3.4.10.pom
2024-09-26 13:09:09,687 [Worker-33: reload maven project] INFO  o.e.m.c.i.e.AbstractTransferListenerAdapter - Downloaded https://dev-iesl.cs.umass.edu/nexus/content/repositories/releases/net/sourceforge/owlapi/owlapi-parsers/3.4.10/owlapi-parsers-3.4.10.pom
2024-09-26 13:09:09,922 [Worker-33: reload maven project] INFO  o.e.m.c.i.e.AbstractTransferListenerAdapter - Downloaded http://maven.aksw.org/repository/internal/net/sourceforge/owlapi/owlapi-parsers/3.4.10/owlapi-parsers-3.4.10.pom
2024-09-26 13:09:10,156 [Worker-33: reload maven project] INFO  o.e.m.c.i.e.AbstractTransferListenerAdapter - Downloaded http://maven.aksw.org/repository/snapshots/net/sourceforge/owlapi/owlapi-parsers/3.4.10/owlapi-parsers-3.4.10.pom
2024-09-26 13:09:10,177 [Worker-33: reload maven project] INFO  o.e.m.c.i.e.AbstractTransferListenerAdapter - Downloaded file://C:\AML-Project-master\AgreementMakerLight/src/lib/net/sourceforge/owlapi/owlapi-parsers/3.4.10/owlapi-parsers-3.4.10.pom
2024-09-26 13:09:10,309 [Worker-33: reload maven project] INFO  o.e.m.c.i.e.AbstractTransferListenerAdapter - Downloading https://repo.maven.apache.org/maven2/net/sourceforge/owlapi/owlapi-parsers/3.4.10/owlapi-parsers-3.4.10.pom
2024-09-26 13:09:10,475 [Worker-33: reload maven project] INFO  o.e.m.c.i.e.AbstractTransferListenerAdapter - Downloaded https://repo.maven.apache.org/maven2/net/sourceforge/owlapi/owlapi-parsers/3.4.10/owlapi-parsers-3.4.10.pom
2024-09-26 13:09:10,504 [Worker-33: reload maven project] INFO  o.e.m.c.i.e.AbstractTransferListenerAdapter - Downloaded https://dev-iesl.cs.umass.edu/nexus/content/repositories/releases/net/sourceforge/owlapi/owlapi-oboformat/3.4.10/owlapi-oboformat-3.4.10.pom
2024-09-26 13:09:10,744 [Worker-33: reload maven project] INFO  o.e.m.c.i.e.AbstractTransferListenerAdapter - Downloaded http://maven.aksw.org/repository/internal/net/sourceforge/owlapi/owlapi-oboformat/3.4.10/owlapi-oboformat-3.4.10.pom
2024-09-26 13:09:10,978 [Worker-33: reload maven project] INFO  o.e.m.c.i.e.AbstractTransferListenerAdapter - Downloaded http://maven.aksw.org/repository/snapshots/net/sourceforge/owlapi/owlapi-oboformat/3.4.10/owlapi-oboformat-3.4.10.pom
2024-09-26 13:09:11,009 [Worker-33: reload maven project] INFO  o.e.m.c.i.e.AbstractTransferListenerAdapter - Downloaded file://C:\AML-Project-master\AgreementMakerLight/src/lib/net/sourceforge/owlapi/owlapi-oboformat/3.4.10/owlapi-oboformat-3.4.10.pom
2024-09-26 13:09:11,115 [Worker-33: reload maven project] INFO  o.e.m.c.i.e.AbstractTransferListenerAdapter - Downloading https://repo.maven.apache.org/maven2/net/sourceforge/owlapi/owlapi-oboformat/3.4.10/owlapi-oboformat-3.4.10.pom
2024-09-26 13:09:11,285 [Worker-33: reload maven project] INFO  o.e.m.c.i.e.AbstractTransferListenerAdapter - Downloaded https://repo.maven.apache.org/maven2/net/sourceforge/owlapi/owlapi-oboformat/3.4.10/owlapi-oboformat-3.4.10.pom
2024-09-26 13:09:11,311 [Worker-33: reload maven project] INFO  o.e.m.c.i.e.AbstractTransferListenerAdapter - Downloaded https://dev-iesl.cs.umass.edu/nexus/content/repositories/releases/net/sourceforge/owlapi/owlapi-tools/3.4.10/owlapi-tools-3.4.10.pom
2024-09-26 13:09:11,552 [Worker-33: reload maven project] INFO  o.e.m.c.i.e.AbstractTransferListenerAdapter - Downloaded http://maven.aksw.org/repository/internal/net/sourceforge/owlapi/owlapi-tools/3.4.10/owlapi-tools-3.4.10.pom
2024-09-26 13:09:11,787 [Worker-33: reload maven project] INFO  o.e.m.c.i.e.AbstractTransferListenerAdapter - Downloaded http://maven.aksw.org/repository/snapshots/net/sourceforge/owlapi/owlapi-tools/3.4.10/owlapi-tools-3.4.10.pom
2024-09-26 13:09:11,809 [Worker-33: reload maven project] INFO  o.e.m.c.i.e.AbstractTransferListenerAdapter - Downloaded file://C:\AML-Project-master\AgreementMakerLight/src/lib/net/sourceforge/owlapi/owlapi-tools/3.4.10/owlapi-tools-3.4.10.pom
2024-09-26 13:09:11,925 [Worker-33: reload maven project] INFO  o.e.m.c.i.e.AbstractTransferListenerAdapter - Downloading https://repo.maven.apache.org/maven2/net/sourceforge/owlapi/owlapi-tools/3.4.10/owlapi-tools-3.4.10.pom
2024-09-26 13:09:12,091 [Worker-33: reload maven project] INFO  o.e.m.c.i.e.AbstractTransferListenerAdapter - Downloaded https://repo.maven.apache.org/maven2/net/sourceforge/owlapi/owlapi-tools/3.4.10/owlapi-tools-3.4.10.pom
2024-09-26 13:09:12,668 [Worker-33: reload maven project] INFO  o.e.m.c.i.e.AbstractTransferListenerAdapter - Downloaded https://jitpack.io/org/apache/felix/org.osgi.core/1.4.0/org.osgi.core-1.4.0.pom
2024-09-26 13:09:12,908 [Worker-33: reload maven project] INFO  o.e.m.c.i.e.AbstractTransferListenerAdapter - Downloaded http://maven.aksw.org/repository/internal/org/apache/felix/org.osgi.core/1.4.0/org.osgi.core-1.4.0.pom
2024-09-26 13:09:13,148 [Worker-33: reload maven project] INFO  o.e.m.c.i.e.AbstractTransferListenerAdapter - Downloaded http://maven.aksw.org/repository/snapshots/org/apache/felix/org.osgi.core/1.4.0/org.osgi.core-1.4.0.pom
2024-09-26 13:09:13,170 [Worker-33: reload maven project] INFO  o.e.m.c.i.e.AbstractTransferListenerAdapter - Downloaded file://C:\AML-Project-master\AgreementMakerLight/src/lib/org/apache/felix/org.osgi.core/1.4.0/org.osgi.core-1.4.0.pom
2024-09-26 13:09:13,224 [Worker-33: reload maven project] INFO  o.e.m.c.i.e.AbstractTransferListenerAdapter - Downloading https://repo.maven.apache.org/maven2/org/apache/felix/org.osgi.core/1.4.0/org.osgi.core-1.4.0.pom
2024-09-26 13:09:13,394 [Worker-33: reload maven project] INFO  o.e.m.c.i.e.AbstractTransferListenerAdapter - Downloaded https://repo.maven.apache.org/maven2/org/apache/felix/org.osgi.core/1.4.0/org.osgi.core-1.4.0.pom
2024-09-26 13:09:13,923 [Worker-33: reload maven project] INFO  o.e.m.c.i.e.AbstractTransferListenerAdapter - Downloaded https://jitpack.io/org/apache/felix/felix-parent/1.2.0/felix-parent-1.2.0.pom
2024-09-26 13:09:13,944 [Worker-33: reload maven project] INFO  o.e.m.c.i.e.AbstractTransferListenerAdapter - Downloaded https://dev-iesl.cs.umass.edu/nexus/content/repositories/releases/org/apache/felix/felix-parent/1.2.0/felix-parent-1.2.0.pom
2024-09-26 13:09:14,179 [Worker-33: reload maven project] INFO  o.e.m.c.i.e.AbstractTransferListenerAdapter - Downloaded http://maven.aksw.org/repository/internal/org/apache/felix/felix-parent/1.2.0/felix-parent-1.2.0.pom
2024-09-26 13:09:14,421 [Worker-33: reload maven project] INFO  o.e.m.c.i.e.AbstractTransferListenerAdapter - Downloaded http://maven.aksw.org/repository/snapshots/org/apache/felix/felix-parent/1.2.0/felix-parent-1.2.0.pom
2024-09-26 13:09:14,445 [Worker-33: reload maven project] INFO  o.e.m.c.i.e.AbstractTransferListenerAdapter - Downloaded file://C:\AML-Project-master\AgreementMakerLight/src/lib/org/apache/felix/felix-parent/1.2.0/felix-parent-1.2.0.pom
2024-09-26 13:09:14,480 [Worker-33: reload maven project] INFO  o.e.m.c.i.e.AbstractTransferListenerAdapter - Downloading https://repo.maven.apache.org/maven2/org/apache/felix/felix-parent/1.2.0/felix-parent-1.2.0.pom
2024-09-26 13:09:14,520 [Worker-33: reload maven project] INFO  o.e.m.c.i.e.AbstractTransferListenerAdapter - Downloaded https://repo.maven.apache.org/maven2/org/apache/felix/felix-parent/1.2.0/felix-parent-1.2.0.pom
2024-09-26 13:09:14,561 [Worker-33: reload maven project] INFO  o.e.m.c.i.e.AbstractTransferListenerAdapter - Downloaded https://jitpack.io/net/sourceforge/owlapi/owlapi-contract/3.4.10/owlapi-contract-3.4.10.pom
2024-09-26 13:09:14,573 [Worker-33: reload maven project] INFO  o.e.m.c.i.e.AbstractTransferListenerAdapter - Downloaded https://dev-iesl.cs.umass.edu/nexus/content/repositories/releases/net/sourceforge/owlapi/owlapi-contract/3.4.10/owlapi-contract-3.4.10.pom
2024-09-26 13:09:14,822 [Worker-33: reload maven project] INFO  o.e.m.c.i.e.AbstractTransferListenerAdapter - Downloaded http://maven.aksw.org/repository/internal/net/sourceforge/owlapi/owlapi-contract/3.4.10/owlapi-contract-3.4.10.pom
2024-09-26 13:09:15,073 [Worker-33: reload maven project] INFO  o.e.m.c.i.e.AbstractTransferListenerAdapter - Downloaded http://maven.aksw.org/repository/snapshots/net/sourceforge/owlapi/owlapi-contract/3.4.10/owlapi-contract-3.4.10.pom
2024-09-26 13:09:15,090 [Worker-33: reload maven project] INFO  o.e.m.c.i.e.AbstractTransferListenerAdapter - Downloaded file://C:\AML-Project-master\AgreementMakerLight/src/lib/net/sourceforge/owlapi/owlapi-contract/3.4.10/owlapi-contract-3.4.10.pom
2024-09-26 13:09:15,204 [Worker-33: reload maven project] INFO  o.e.m.c.i.e.AbstractTransferListenerAdapter - Downloading https://repo.maven.apache.org/maven2/net/sourceforge/owlapi/owlapi-contract/3.4.10/owlapi-contract-3.4.10.pom
2024-09-26 13:09:15,374 [Worker-33: reload maven project] INFO  o.e.m.c.i.e.AbstractTransferListenerAdapter - Downloaded https://repo.maven.apache.org/maven2/net/sourceforge/owlapi/owlapi-contract/3.4.10/owlapi-contract-3.4.10.pom
2024-09-26 13:09:16,090 [Worker-33: reload maven project] INFO  o.e.m.c.i.e.AbstractTransferListenerAdapter - Downloaded https://jitpack.io/com/github/firemaples/microsoft-translator-java-api/v0.8.6/microsoft-translator-java-api-v0.8.6.pom
2024-09-26 13:09:16,269 [Worker-33: reload maven project] INFO  o.e.m.c.i.e.AbstractTransferListenerAdapter - Downloaded https://jitpack.io/org/swinglabs/swingx/swingx-all/1.6.4/swingx-all-1.6.4.pom
2024-09-26 13:09:16,512 [Worker-33: reload maven project] INFO  o.e.m.c.i.e.AbstractTransferListenerAdapter - Downloaded http://maven.aksw.org/repository/internal/org/swinglabs/swingx/swingx-all/1.6.4/swingx-all-1.6.4.pom
2024-09-26 13:09:16,749 [Worker-33: reload maven project] INFO  o.e.m.c.i.e.AbstractTransferListenerAdapter - Downloaded http://maven.aksw.org/repository/snapshots/org/swinglabs/swingx/swingx-all/1.6.4/swingx-all-1.6.4.pom
2024-09-26 13:09:16,770 [Worker-33: reload maven project] INFO  o.e.m.c.i.e.AbstractTransferListenerAdapter - Downloaded file://C:\AML-Project-master\AgreementMakerLight/src/lib/org/swinglabs/swingx/swingx-all/1.6.4/swingx-all-1.6.4.pom
2024-09-26 13:09:16,797 [Worker-33: reload maven project] INFO  o.e.m.c.i.e.AbstractTransferListenerAdapter - Downloading https://repo.maven.apache.org/maven2/org/swinglabs/swingx/swingx-all/1.6.4/swingx-all-1.6.4.pom
2024-09-26 13:09:16,928 [Worker-33: reload maven project] INFO  o.e.m.c.i.e.AbstractTransferListenerAdapter - Downloaded https://repo.maven.apache.org/maven2/org/swinglabs/swingx/swingx-all/1.6.4/swingx-all-1.6.4.pom
2024-09-26 13:09:17,079 [Worker-33: reload maven project] INFO  o.e.m.c.i.e.AbstractTransferListenerAdapter - Downloaded https://jitpack.io/org/swinglabs/swingx/swingx-project/1.6.4/swingx-project-1.6.4.pom
2024-09-26 13:09:17,133 [Worker-33: reload maven project] INFO  o.e.m.c.i.e.AbstractTransferListenerAdapter - Downloaded https://dev-iesl.cs.umass.edu/nexus/content/repositories/releases/org/swinglabs/swingx/swingx-project/1.6.4/swingx-project-1.6.4.pom
2024-09-26 13:09:17,369 [Worker-33: reload maven project] INFO  o.e.m.c.i.e.AbstractTransferListenerAdapter - Downloaded http://maven.aksw.org/repository/internal/org/swinglabs/swingx/swingx-project/1.6.4/swingx-project-1.6.4.pom
2024-09-26 13:09:17,601 [Worker-33: reload maven project] INFO  o.e.m.c.i.e.AbstractTransferListenerAdapter - Downloaded http://maven.aksw.org/repository/snapshots/org/swinglabs/swingx/swingx-project/1.6.4/swingx-project-1.6.4.pom
2024-09-26 13:09:17,623 [Worker-33: reload maven project] INFO  o.e.m.c.i.e.AbstractTransferListenerAdapter - Downloaded file://C:\AML-Project-master\AgreementMakerLight/src/lib/org/swinglabs/swingx/swingx-project/1.6.4/swingx-project-1.6.4.pom
2024-09-26 13:09:17,651 [Worker-33: reload maven project] INFO  o.e.m.c.i.e.AbstractTransferListenerAdapter - Downloading https://repo.maven.apache.org/maven2/org/swinglabs/swingx/swingx-project/1.6.4/swingx-project-1.6.4.pom
2024-09-26 13:09:17,782 [Worker-33: reload maven project] INFO  o.e.m.c.i.e.AbstractTransferListenerAdapter - Downloaded https://repo.maven.apache.org/maven2/org/swinglabs/swingx/swingx-project/1.6.4/swingx-project-1.6.4.pom
2024-09-26 13:09:17,870 [AetherRepositoryConnector-jitpack.io-0-0] INFO  o.e.m.c.i.e.AbstractTransferListenerAdapter - Downloaded https://jitpack.io/dom4j/dom4j/1.6.1/dom4j-1.6.1.jar
2024-09-26 13:09:17,881 [AetherRepositoryConnector-jitpack.io-0-1] INFO  o.e.m.c.i.e.AbstractTransferListenerAdapter - Downloaded https://jitpack.io/xml-apis/xml-apis/1.0.b2/xml-apis-1.0.b2.jar
2024-09-26 13:09:18,022 [AetherRepositoryConnector-jitpack.io-0-4] INFO  o.e.m.c.i.e.AbstractTransferListenerAdapter - Downloaded https://jitpack.io/org/semanticweb/elk/elk-owl-model/0.4.1/elk-owl-model-0.4.1.jar
2024-09-26 13:09:18,038 [AetherRepositoryConnector-jitpack.io-0-1] INFO  o.e.m.c.i.e.AbstractTransferListenerAdapter - Downloaded https://jitpack.io/org/semanticweb/elk/elk-util-hashing/0.4.1/elk-util-hashing-0.4.1.jar
2024-09-26 13:09:18,179 [AetherRepositoryConnector-jitpack.io-0-1] INFO  o.e.m.c.i.e.AbstractTransferListenerAdapter - Downloaded https://jitpack.io/org/semanticweb/elk/elk-util-collections/0.4.1/elk-util-collections-0.4.1.jar
2024-09-26 13:09:18,186 [AetherRepositoryConnector-jitpack.io-0-4] INFO  o.e.m.c.i.e.AbstractTransferListenerAdapter - Downloaded https://jitpack.io/org/semanticweb/elk/elk-reasoner/0.4.1/elk-reasoner-0.4.1.jar
2024-09-26 13:09:18,341 [AetherRepositoryConnector-jitpack.io-0-4] INFO  o.e.m.c.i.e.AbstractTransferListenerAdapter - Downloaded https://jitpack.io/org/semanticweb/elk/elk-util-common/0.4.1/elk-util-common-0.4.1.jar
2024-09-26 13:09:18,342 [AetherRepositoryConnector-jitpack.io-0-1] INFO  o.e.m.c.i.e.AbstractTransferListenerAdapter - Downloaded https://jitpack.io/org/semanticweb/elk/elk-util-concurrent/0.4.1/elk-util-concurrent-0.4.1.jar
2024-09-26 13:09:18,353 [AetherRepositoryConnector-jitpack.io-0-0] INFO  o.e.m.c.i.e.AbstractTransferListenerAdapter - Downloaded https://jitpack.io/org/semanticweb/elk/elk-owl-implementation/0.4.1/elk-owl-implementation-0.4.1.jar
2024-09-26 13:09:18,424 [AetherRepositoryConnector-jitpack.io-0-2] INFO  o.e.m.c.i.e.AbstractTransferListenerAdapter - Downloaded https://jitpack.io/org/semanticweb/elk/elk-owlapi-standalone/0.4.1/elk-owlapi-standalone-0.4.1-bin.jar
2024-09-26 13:09:18,428 [AetherRepositoryConnector-jitpack.io-0-3] INFO  o.e.m.c.i.e.AbstractTransferListenerAdapter - Downloaded https://jitpack.io/org/semanticweb/elk/elk-owlapi/0.4.1/elk-owlapi-0.4.1.jar
2024-09-26 13:09:18,437 [AetherRepositoryConnector-jitpack.io-0-3] INFO  o.e.m.c.i.e.AbstractTransferListenerAdapter - Downloaded https://jitpack.io/net/sourceforge/owlapi/owlapi-distribution/3.4.10/owlapi-distribution-3.4.10.jar
2024-09-26 13:09:18,446 [AetherRepositoryConnector-jitpack.io-0-3] INFO  o.e.m.c.i.e.AbstractTransferListenerAdapter - Downloaded https://jitpack.io/net/sourceforge/owlapi/owlapi-apibinding/3.4.10/owlapi-apibinding-3.4.10.jar
2024-09-26 13:09:18,505 [AetherRepositoryConnector-jitpack.io-0-0] INFO  o.e.m.c.i.e.AbstractTransferListenerAdapter - Downloaded https://jitpack.io/com/memetix/microsoft-translator-java-api/0.6.2/microsoft-translator-java-api-0.6.2.jar
2024-09-26 13:09:18,516 [AetherRepositoryConnector-jitpack.io-0-0] INFO  o.e.m.c.i.e.AbstractTransferListenerAdapter - Downloaded https://jitpack.io/net/sourceforge/owlapi/owlapi-api/3.4.10/owlapi-api-3.4.10.jar
2024-09-26 13:09:18,527 [AetherRepositoryConnector-jitpack.io-0-0] INFO  o.e.m.c.i.e.AbstractTransferListenerAdapter - Downloaded https://jitpack.io/net/sourceforge/owlapi/owlapi-tools/3.4.10/owlapi-tools-3.4.10.jar
2024-09-26 13:09:18,537 [AetherRepositoryConnector-jitpack.io-0-0] INFO  o.e.m.c.i.e.AbstractTransferListenerAdapter - Downloaded https://jitpack.io/net/sourceforge/owlapi/owlapi-impl/3.4.10/owlapi-impl-3.4.10.jar
2024-09-26 13:09:18,550 [AetherRepositoryConnector-jitpack.io-0-0] INFO  o.e.m.c.i.e.AbstractTransferListenerAdapter - Downloaded https://jitpack.io/net/sourceforge/owlapi/owlapi-parsers/3.4.10/owlapi-parsers-3.4.10.jar
2024-09-26 13:09:18,560 [AetherRepositoryConnector-jitpack.io-0-0] INFO  o.e.m.c.i.e.AbstractTransferListenerAdapter - Downloaded https://jitpack.io/net/sourceforge/owlapi/owlapi-oboformat/3.4.10/owlapi-oboformat-3.4.10.jar
2024-09-26 13:09:18,562 [AetherRepositoryConnector-jitpack.io-0-2] INFO  o.e.m.c.i.e.AbstractTransferListenerAdapter - Downloaded https://jitpack.io/com/googlecode/json-simple/json-simple/1.1/json-simple-1.1.jar
2024-09-26 13:09:18,570 [AetherRepositoryConnector-jitpack.io-0-0] INFO  o.e.m.c.i.e.AbstractTransferListenerAdapter - Downloaded https://jitpack.io/net/sourceforge/owlapi/owlapi-contract/3.4.10/owlapi-contract-3.4.10.jar
2024-09-26 13:09:18,730 [AetherRepositoryConnector-jitpack.io-0-0] INFO  o.e.m.c.i.e.AbstractTransferListenerAdapter - Downloaded https://jitpack.io/org/swinglabs/swingx/swingx-all/1.6.4/swingx-all-1.6.4.jar
2024-09-26 13:09:18,832 [AetherRepositoryConnector-jitpack.io-0-2] INFO  o.e.m.c.i.e.AbstractTransferListenerAdapter - Downloading https://jitpack.io/com/github/firemaples/microsoft-translator-java-api/v0.8.6/microsoft-translator-java-api-v0.8.6.jar
2024-09-26 13:09:18,835 [AetherRepositoryConnector-jitpack.io-0-1] INFO  o.e.m.c.i.e.AbstractTransferListenerAdapter - Downloaded https://jitpack.io/org/semanticweb/elk/elk-util-logging/0.4.1/elk-util-logging-0.4.1.jar
2024-09-26 13:09:18,846 [AetherRepositoryConnector-jitpack.io-0-4] INFO  o.e.m.c.i.e.AbstractTransferListenerAdapter - Downloaded https://jitpack.io/org/semanticweb/elk/elk-util-io/0.4.1/elk-util-io-0.4.1.jar
2024-09-26 13:09:18,920 [AetherRepositoryConnector-jitpack.io-0-3] INFO  o.e.m.c.i.e.AbstractTransferListenerAdapter - Downloaded https://jitpack.io/org/apache/felix/org.osgi.core/1.4.0/org.osgi.core-1.4.0.jar
2024-09-26 13:09:19,100 [AetherRepositoryConnector-jitpack.io-0-2] INFO  o.e.m.c.i.e.AbstractTransferListenerAdapter - Downloaded https://jitpack.io/com/github/firemaples/microsoft-translator-java-api/v0.8.6/microsoft-translator-java-api-v0.8.6.jar
2024-09-26 13:09:19,247 [AetherRepositoryConnector-dev-iesl.cs.umass.edu-1-3] INFO  o.e.m.c.i.e.AbstractTransferListenerAdapter - Downloaded https://dev-iesl.cs.umass.edu/nexus/content/repositories/releases/org/semanticweb/elk/elk-owlapi/0.4.1/elk-owlapi-0.4.1.jar
2024-09-26 13:09:19,248 [AetherRepositoryConnector-dev-iesl.cs.umass.edu-1-1] INFO  o.e.m.c.i.e.AbstractTransferListenerAdapter - Downloaded https://dev-iesl.cs.umass.edu/nexus/content/repositories/releases/xml-apis/xml-apis/1.0.b2/xml-apis-1.0.b2.jar
2024-09-26 13:09:19,250 [AetherRepositoryConnector-dev-iesl.cs.umass.edu-1-3] INFO  o.e.m.c.i.e.AbstractTransferListenerAdapter - Downloaded https://dev-iesl.cs.umass.edu/nexus/content/repositories/releases/org/semanticweb/elk/elk-owl-implementation/0.4.1/elk-owl-implementation-0.4.1.jar
2024-09-26 13:09:19,250 [AetherRepositoryConnector-dev-iesl.cs.umass.edu-1-1] INFO  o.e.m.c.i.e.AbstractTransferListenerAdapter - Downloaded https://dev-iesl.cs.umass.edu/nexus/content/repositories/releases/org/semanticweb/elk/elk-util-hashing/0.4.1/elk-util-hashing-0.4.1.jar
2024-09-26 13:09:19,252 [AetherRepositoryConnector-dev-iesl.cs.umass.edu-1-1] INFO  o.e.m.c.i.e.AbstractTransferListenerAdapter - Downloaded https://dev-iesl.cs.umass.edu/nexus/content/repositories/releases/org/semanticweb/elk/elk-util-collections/0.4.1/elk-util-collections-0.4.1.jar
2024-09-26 13:09:19,253 [AetherRepositoryConnector-dev-iesl.cs.umass.edu-1-3] INFO  o.e.m.c.i.e.AbstractTransferListenerAdapter - Downloaded https://dev-iesl.cs.umass.edu/nexus/content/repositories/releases/org/semanticweb/elk/elk-reasoner/0.4.1/elk-reasoner-0.4.1.jar
2024-09-26 13:09:19,254 [AetherRepositoryConnector-dev-iesl.cs.umass.edu-1-1] INFO  o.e.m.c.i.e.AbstractTransferListenerAdapter - Downloaded https://dev-iesl.cs.umass.edu/nexus/content/repositories/releases/org/semanticweb/elk/elk-util-concurrent/0.4.1/elk-util-concurrent-0.4.1.jar
2024-09-26 13:09:19,256 [AetherRepositoryConnector-dev-iesl.cs.umass.edu-1-3] INFO  o.e.m.c.i.e.AbstractTransferListenerAdapter - Downloaded https://dev-iesl.cs.umass.edu/nexus/content/repositories/releases/org/semanticweb/elk/elk-util-common/0.4.1/elk-util-common-0.4.1.jar
2024-09-26 13:09:19,257 [AetherRepositoryConnector-dev-iesl.cs.umass.edu-1-1] INFO  o.e.m.c.i.e.AbstractTransferListenerAdapter - Downloaded https://dev-iesl.cs.umass.edu/nexus/content/repositories/releases/org/semanticweb/elk/elk-util-io/0.4.1/elk-util-io-0.4.1.jar
2024-09-26 13:09:19,258 [AetherRepositoryConnector-dev-iesl.cs.umass.edu-1-3] INFO  o.e.m.c.i.e.AbstractTransferListenerAdapter - Downloaded https://dev-iesl.cs.umass.edu/nexus/content/repositories/releases/org/semanticweb/elk/elk-util-logging/0.4.1/elk-util-logging-0.4.1.jar
2024-09-26 13:09:19,260 [AetherRepositoryConnector-dev-iesl.cs.umass.edu-1-1] INFO  o.e.m.c.i.e.AbstractTransferListenerAdapter - Downloaded https://dev-iesl.cs.umass.edu/nexus/content/repositories/releases/com/memetix/microsoft-translator-java-api/0.6.2/microsoft-translator-java-api-0.6.2.jar
2024-09-26 13:09:19,260 [AetherRepositoryConnector-dev-iesl.cs.umass.edu-1-3] INFO  o.e.m.c.i.e.AbstractTransferListenerAdapter - Downloaded https://dev-iesl.cs.umass.edu/nexus/content/repositories/releases/com/googlecode/json-simple/json-simple/1.1/json-simple-1.1.jar
2024-09-26 13:09:19,262 [AetherRepositoryConnector-dev-iesl.cs.umass.edu-1-1] INFO  o.e.m.c.i.e.AbstractTransferListenerAdapter - Downloaded https://dev-iesl.cs.umass.edu/nexus/content/repositories/releases/net/sourceforge/owlapi/owlapi-distribution/3.4.10/owlapi-distribution-3.4.10.jar
2024-09-26 13:09:19,262 [AetherRepositoryConnector-dev-iesl.cs.umass.edu-1-3] INFO  o.e.m.c.i.e.AbstractTransferListenerAdapter - Downloaded https://dev-iesl.cs.umass.edu/nexus/content/repositories/releases/net/sourceforge/owlapi/owlapi-apibinding/3.4.10/owlapi-apibinding-3.4.10.jar
2024-09-26 13:09:19,264 [AetherRepositoryConnector-dev-iesl.cs.umass.edu-1-1] INFO  o.e.m.c.i.e.AbstractTransferListenerAdapter - Downloaded https://dev-iesl.cs.umass.edu/nexus/content/repositories/releases/org/apache/felix/org.osgi.core/1.4.0/org.osgi.core-1.4.0.jar
2024-09-26 13:09:19,265 [AetherRepositoryConnector-dev-iesl.cs.umass.edu-1-3] INFO  o.e.m.c.i.e.AbstractTransferListenerAdapter - Downloaded https://dev-iesl.cs.umass.edu/nexus/content/repositories/releases/net/sourceforge/owlapi/owlapi-api/3.4.10/owlapi-api-3.4.10.jar
2024-09-26 13:09:19,266 [AetherRepositoryConnector-dev-iesl.cs.umass.edu-1-1] INFO  o.e.m.c.i.e.AbstractTransferListenerAdapter - Downloaded https://dev-iesl.cs.umass.edu/nexus/content/repositories/releases/net/sourceforge/owlapi/owlapi-tools/3.4.10/owlapi-tools-3.4.10.jar
2024-09-26 13:09:19,267 [AetherRepositoryConnector-dev-iesl.cs.umass.edu-1-3] INFO  o.e.m.c.i.e.AbstractTransferListenerAdapter - Downloaded https://dev-iesl.cs.umass.edu/nexus/content/repositories/releases/net/sourceforge/owlapi/owlapi-impl/3.4.10/owlapi-impl-3.4.10.jar
2024-09-26 13:09:19,268 [AetherRepositoryConnector-dev-iesl.cs.umass.edu-1-1] INFO  o.e.m.c.i.e.AbstractTransferListenerAdapter - Downloaded https://dev-iesl.cs.umass.edu/nexus/content/repositories/releases/net/sourceforge/owlapi/owlapi-parsers/3.4.10/owlapi-parsers-3.4.10.jar
2024-09-26 13:09:19,269 [AetherRepositoryConnector-dev-iesl.cs.umass.edu-1-3] INFO  o.e.m.c.i.e.AbstractTransferListenerAdapter - Downloaded https://dev-iesl.cs.umass.edu/nexus/content/repositories/releases/net/sourceforge/owlapi/owlapi-oboformat/3.4.10/owlapi-oboformat-3.4.10.jar
2024-09-26 13:09:19,270 [AetherRepositoryConnector-dev-iesl.cs.umass.edu-1-1] INFO  o.e.m.c.i.e.AbstractTransferListenerAdapter - Downloaded https://dev-iesl.cs.umass.edu/nexus/content/repositories/releases/net/sourceforge/owlapi/owlapi-contract/3.4.10/owlapi-contract-3.4.10.jar
2024-09-26 13:09:19,271 [AetherRepositoryConnector-dev-iesl.cs.umass.edu-1-3] INFO  o.e.m.c.i.e.AbstractTransferListenerAdapter - Downloaded https://dev-iesl.cs.umass.edu/nexus/content/repositories/releases/org/swinglabs/swingx/swingx-all/1.6.4/swingx-all-1.6.4.jar
2024-09-26 13:09:19,276 [AetherRepositoryConnector-dev-iesl.cs.umass.edu-1-0] INFO  o.e.m.c.i.e.AbstractTransferListenerAdapter - Downloaded https://dev-iesl.cs.umass.edu/nexus/content/repositories/releases/dom4j/dom4j/1.6.1/dom4j-1.6.1.jar
2024-09-26 13:09:19,279 [AetherRepositoryConnector-dev-iesl.cs.umass.edu-1-2] INFO  o.e.m.c.i.e.AbstractTransferListenerAdapter - Downloaded https://dev-iesl.cs.umass.edu/nexus/content/repositories/releases/org/semanticweb/elk/elk-owlapi-standalone/0.4.1/elk-owlapi-standalone-0.4.1-bin.jar
2024-09-26 13:09:19,281 [AetherRepositoryConnector-dev-iesl.cs.umass.edu-1-4] INFO  o.e.m.c.i.e.AbstractTransferListenerAdapter - Downloaded https://dev-iesl.cs.umass.edu/nexus/content/repositories/releases/org/semanticweb/elk/elk-owl-model/0.4.1/elk-owl-model-0.4.1.jar
2024-09-26 13:09:19,615 [AetherRepositoryConnector-maven.aksw.org-2-0] INFO  o.e.m.c.i.e.AbstractTransferListenerAdapter - Downloading http://maven.aksw.org/repository/internal/dom4j/dom4j/1.6.1/dom4j-1.6.1.jar
2024-09-26 13:09:19,812 [AetherRepositoryConnector-maven.aksw.org-2-1] INFO  o.e.m.c.i.e.AbstractTransferListenerAdapter - Downloading http://maven.aksw.org/repository/internal/xml-apis/xml-apis/1.0.b2/xml-apis-1.0.b2.jar
2024-09-26 13:09:19,814 [AetherRepositoryConnector-maven.aksw.org-2-2] INFO  o.e.m.c.i.e.AbstractTransferListenerAdapter - Downloaded http://maven.aksw.org/repository/internal/org/semanticweb/elk/elk-owlapi-standalone/0.4.1/elk-owlapi-standalone-0.4.1-bin.jar
2024-09-26 13:09:19,827 [AetherRepositoryConnector-maven.aksw.org-2-4] INFO  o.e.m.c.i.e.AbstractTransferListenerAdapter - Downloading http://maven.aksw.org/repository/internal/org/semanticweb/elk/elk-owl-model/0.4.1/elk-owl-model-0.4.1.jar
2024-09-26 13:09:19,847 [AetherRepositoryConnector-maven.aksw.org-2-3] INFO  o.e.m.c.i.e.AbstractTransferListenerAdapter - Downloading http://maven.aksw.org/repository/internal/org/semanticweb/elk/elk-owlapi/0.4.1/elk-owlapi-0.4.1.jar
2024-09-26 13:09:20,025 [AetherRepositoryConnector-maven.aksw.org-2-2] INFO  o.e.m.c.i.e.AbstractTransferListenerAdapter - Downloading http://maven.aksw.org/repository/internal/org/semanticweb/elk/elk-owl-implementation/0.4.1/elk-owl-implementation-0.4.1.jar
2024-09-26 13:09:20,499 [AetherRepositoryConnector-maven.aksw.org-2-4] INFO  o.e.m.c.i.e.AbstractTransferListenerAdapter - Downloaded http://maven.aksw.org/repository/internal/org/semanticweb/elk/elk-owl-model/0.4.1/elk-owl-model-0.4.1.jar
2024-09-26 13:09:20,709 [AetherRepositoryConnector-maven.aksw.org-2-1] INFO  o.e.m.c.i.e.AbstractTransferListenerAdapter - Downloaded http://maven.aksw.org/repository/internal/xml-apis/xml-apis/1.0.b2/xml-apis-1.0.b2.jar
2024-09-26 13:09:20,713 [AetherRepositoryConnector-maven.aksw.org-2-4] INFO  o.e.m.c.i.e.AbstractTransferListenerAdapter - Downloading http://maven.aksw.org/repository/internal/org/semanticweb/elk/elk-util-hashing/0.4.1/elk-util-hashing-0.4.1.jar
2024-09-26 13:09:20,763 [AetherRepositoryConnector-maven.aksw.org-2-0] INFO  o.e.m.c.i.e.AbstractTransferListenerAdapter - Downloaded http://maven.aksw.org/repository/internal/dom4j/dom4j/1.6.1/dom4j-1.6.1.jar
2024-09-26 13:09:20,781 [AetherRepositoryConnector-maven.aksw.org-2-3] INFO  o.e.m.c.i.e.AbstractTransferListenerAdapter - Downloaded http://maven.aksw.org/repository/internal/org/semanticweb/elk/elk-owlapi/0.4.1/elk-owlapi-0.4.1.jar
2024-09-26 13:09:20,915 [AetherRepositoryConnector-maven.aksw.org-2-2] INFO  o.e.m.c.i.e.AbstractTransferListenerAdapter - Downloaded http://maven.aksw.org/repository/internal/org/semanticweb/elk/elk-owl-implementation/0.4.1/elk-owl-implementation-0.4.1.jar
2024-09-26 13:09:20,921 [AetherRepositoryConnector-maven.aksw.org-2-1] INFO  o.e.m.c.i.e.AbstractTransferListenerAdapter - Downloading http://maven.aksw.org/repository/internal/org/semanticweb/elk/elk-reasoner/0.4.1/elk-reasoner-0.4.1.jar
2024-09-26 13:09:20,993 [AetherRepositoryConnector-maven.aksw.org-2-0] INFO  o.e.m.c.i.e.AbstractTransferListenerAdapter - Downloading http://maven.aksw.org/repository/internal/org/semanticweb/elk/elk-util-collections/0.4.1/elk-util-collections-0.4.1.jar
2024-09-26 13:09:20,999 [AetherRepositoryConnector-maven.aksw.org-2-4] INFO  o.e.m.c.i.e.AbstractTransferListenerAdapter - Downloaded http://maven.aksw.org/repository/internal/org/semanticweb/elk/elk-util-hashing/0.4.1/elk-util-hashing-0.4.1.jar
2024-09-26 13:09:21,012 [AetherRepositoryConnector-maven.aksw.org-2-3] INFO  o.e.m.c.i.e.AbstractTransferListenerAdapter - Downloading http://maven.aksw.org/repository/internal/org/semanticweb/elk/elk-util-concurrent/0.4.1/elk-util-concurrent-0.4.1.jar
2024-09-26 13:09:21,127 [AetherRepositoryConnector-maven.aksw.org-2-2] INFO  o.e.m.c.i.e.AbstractTransferListenerAdapter - Downloading http://maven.aksw.org/repository/internal/org/semanticweb/elk/elk-util-common/0.4.1/elk-util-common-0.4.1.jar
2024-09-26 13:09:21,211 [AetherRepositoryConnector-maven.aksw.org-2-4] INFO  o.e.m.c.i.e.AbstractTransferListenerAdapter - Downloading http://maven.aksw.org/repository/internal/org/semanticweb/elk/elk-util-io/0.4.1/elk-util-io-0.4.1.jar
2024-09-26 13:09:21,273 [AetherRepositoryConnector-maven.aksw.org-2-0] INFO  o.e.m.c.i.e.AbstractTransferListenerAdapter - Downloaded http://maven.aksw.org/repository/internal/org/semanticweb/elk/elk-util-collections/0.4.1/elk-util-collections-0.4.1.jar
2024-09-26 13:09:21,422 [AetherRepositoryConnector-maven.aksw.org-2-3] INFO  o.e.m.c.i.e.AbstractTransferListenerAdapter - Downloaded http://maven.aksw.org/repository/internal/org/semanticweb/elk/elk-util-concurrent/0.4.1/elk-util-concurrent-0.4.1.jar
2024-09-26 13:09:21,439 [AetherRepositoryConnector-maven.aksw.org-2-2] INFO  o.e.m.c.i.e.AbstractTransferListenerAdapter - Downloaded http://maven.aksw.org/repository/internal/org/semanticweb/elk/elk-util-common/0.4.1/elk-util-common-0.4.1.jar
2024-09-26 13:09:21,499 [AetherRepositoryConnector-maven.aksw.org-2-0] INFO  o.e.m.c.i.e.AbstractTransferListenerAdapter - Downloading http://maven.aksw.org/repository/internal/org/semanticweb/elk/elk-util-logging/0.4.1/elk-util-logging-0.4.1.jar
2024-09-26 13:09:21,516 [AetherRepositoryConnector-maven.aksw.org-2-4] INFO  o.e.m.c.i.e.AbstractTransferListenerAdapter - Downloaded http://maven.aksw.org/repository/internal/org/semanticweb/elk/elk-util-io/0.4.1/elk-util-io-0.4.1.jar
2024-09-26 13:09:21,636 [AetherRepositoryConnector-maven.aksw.org-2-3] INFO  o.e.m.c.i.e.AbstractTransferListenerAdapter - Downloading http://maven.aksw.org/repository/internal/com/memetix/microsoft-translator-java-api/0.6.2/microsoft-translator-java-api-0.6.2.jar
2024-09-26 13:09:21,653 [AetherRepositoryConnector-maven.aksw.org-2-2] INFO  o.e.m.c.i.e.AbstractTransferListenerAdapter - Downloading http://maven.aksw.org/repository/internal/com/googlecode/json-simple/json-simple/1.1/json-simple-1.1.jar
2024-09-26 13:09:21,745 [AetherRepositoryConnector-maven.aksw.org-2-4] INFO  o.e.m.c.i.e.AbstractTransferListenerAdapter - Downloaded http://maven.aksw.org/repository/internal/net/sourceforge/owlapi/owlapi-distribution/3.4.10/owlapi-distribution-3.4.10.jar
2024-09-26 13:09:21,817 [AetherRepositoryConnector-maven.aksw.org-2-0] INFO  o.e.m.c.i.e.AbstractTransferListenerAdapter - Downloaded http://maven.aksw.org/repository/internal/org/semanticweb/elk/elk-util-logging/0.4.1/elk-util-logging-0.4.1.jar
2024-09-26 13:09:21,882 [AetherRepositoryConnector-maven.aksw.org-2-2] INFO  o.e.m.c.i.e.AbstractTransferListenerAdapter - Downloaded http://maven.aksw.org/repository/internal/com/googlecode/json-simple/json-simple/1.1/json-simple-1.1.jar
2024-09-26 13:09:21,968 [AetherRepositoryConnector-maven.aksw.org-2-4] INFO  o.e.m.c.i.e.AbstractTransferListenerAdapter - Downloaded http://maven.aksw.org/repository/internal/net/sourceforge/owlapi/owlapi-apibinding/3.4.10/owlapi-apibinding-3.4.10.jar
2024-09-26 13:09:21,976 [AetherRepositoryConnector-maven.aksw.org-2-3] INFO  o.e.m.c.i.e.AbstractTransferListenerAdapter - Downloaded http://maven.aksw.org/repository/internal/com/memetix/microsoft-translator-java-api/0.6.2/microsoft-translator-java-api-0.6.2.jar
2024-09-26 13:09:21,999 [AetherRepositoryConnector-maven.aksw.org-2-1] INFO  o.e.m.c.i.e.AbstractTransferListenerAdapter - Downloaded http://maven.aksw.org/repository/internal/org/semanticweb/elk/elk-reasoner/0.4.1/elk-reasoner-0.4.1.jar
2024-09-26 13:09:22,040 [AetherRepositoryConnector-maven.aksw.org-2-0] INFO  o.e.m.c.i.e.AbstractTransferListenerAdapter - Downloaded http://maven.aksw.org/repository/internal/org/apache/felix/org.osgi.core/1.4.0/org.osgi.core-1.4.0.jar
2024-09-26 13:09:22,094 [AetherRepositoryConnector-maven.aksw.org-2-2] INFO  o.e.m.c.i.e.AbstractTransferListenerAdapter - Downloaded http://maven.aksw.org/repository/internal/net/sourceforge/owlapi/owlapi-api/3.4.10/owlapi-api-3.4.10.jar
2024-09-26 13:09:22,188 [AetherRepositoryConnector-maven.aksw.org-2-3] INFO  o.e.m.c.i.e.AbstractTransferListenerAdapter - Downloaded http://maven.aksw.org/repository/internal/net/sourceforge/owlapi/owlapi-impl/3.4.10/owlapi-impl-3.4.10.jar
2024-09-26 13:09:22,190 [AetherRepositoryConnector-maven.aksw.org-2-4] INFO  o.e.m.c.i.e.AbstractTransferListenerAdapter - Downloaded http://maven.aksw.org/repository/internal/net/sourceforge/owlapi/owlapi-tools/3.4.10/owlapi-tools-3.4.10.jar
2024-09-26 13:09:22,209 [AetherRepositoryConnector-maven.aksw.org-2-1] INFO  o.e.m.c.i.e.AbstractTransferListenerAdapter - Downloaded http://maven.aksw.org/repository/internal/net/sourceforge/owlapi/owlapi-parsers/3.4.10/owlapi-parsers-3.4.10.jar
2024-09-26 13:09:22,262 [AetherRepositoryConnector-maven.aksw.org-2-0] INFO  o.e.m.c.i.e.AbstractTransferListenerAdapter - Downloaded http://maven.aksw.org/repository/internal/net/sourceforge/owlapi/owlapi-oboformat/3.4.10/owlapi-oboformat-3.4.10.jar
2024-09-26 13:09:22,304 [AetherRepositoryConnector-maven.aksw.org-2-2] INFO  o.e.m.c.i.e.AbstractTransferListenerAdapter - Downloaded http://maven.aksw.org/repository/internal/net/sourceforge/owlapi/owlapi-contract/3.4.10/owlapi-contract-3.4.10.jar
2024-09-26 13:09:22,400 [AetherRepositoryConnector-maven.aksw.org-2-3] INFO  o.e.m.c.i.e.AbstractTransferListenerAdapter - Downloaded http://maven.aksw.org/repository/internal/org/swinglabs/swingx/swingx-all/1.6.4/swingx-all-1.6.4.jar
2024-09-26 13:09:22,782 [AetherRepositoryConnector-maven.aksw.org-3-0] INFO  o.e.m.c.i.e.AbstractTransferListenerAdapter - Downloaded http://maven.aksw.org/repository/snapshots/org/semanticweb/elk/elk-owlapi-standalone/0.4.1/elk-owlapi-standalone-0.4.1-bin.jar
2024-09-26 13:09:22,985 [AetherRepositoryConnector-maven.aksw.org-3-1] INFO  o.e.m.c.i.e.AbstractTransferListenerAdapter - Downloaded http://maven.aksw.org/repository/snapshots/net/sourceforge/owlapi/owlapi-distribution/3.4.10/owlapi-distribution-3.4.10.jar
2024-09-26 13:09:23,004 [AetherRepositoryConnector-maven.aksw.org-3-0] INFO  o.e.m.c.i.e.AbstractTransferListenerAdapter - Downloaded http://maven.aksw.org/repository/snapshots/net/sourceforge/owlapi/owlapi-tools/3.4.10/owlapi-tools-3.4.10.jar
2024-09-26 13:09:23,006 [AetherRepositoryConnector-maven.aksw.org-3-3] INFO  o.e.m.c.i.e.AbstractTransferListenerAdapter - Downloaded http://maven.aksw.org/repository/snapshots/org/apache/felix/org.osgi.core/1.4.0/org.osgi.core-1.4.0.jar
2024-09-26 13:09:23,009 [AetherRepositoryConnector-maven.aksw.org-3-4] INFO  o.e.m.c.i.e.AbstractTransferListenerAdapter - Downloaded http://maven.aksw.org/repository/snapshots/net/sourceforge/owlapi/owlapi-api/3.4.10/owlapi-api-3.4.10.jar
2024-09-26 13:09:23,015 [AetherRepositoryConnector-maven.aksw.org-3-2] INFO  o.e.m.c.i.e.AbstractTransferListenerAdapter - Downloaded http://maven.aksw.org/repository/snapshots/net/sourceforge/owlapi/owlapi-apibinding/3.4.10/owlapi-apibinding-3.4.10.jar
2024-09-26 13:09:23,197 [AetherRepositoryConnector-maven.aksw.org-3-1] INFO  o.e.m.c.i.e.AbstractTransferListenerAdapter - Downloaded http://maven.aksw.org/repository/snapshots/net/sourceforge/owlapi/owlapi-impl/3.4.10/owlapi-impl-3.4.10.jar
2024-09-26 13:09:23,227 [AetherRepositoryConnector-maven.aksw.org-3-0] INFO  o.e.m.c.i.e.AbstractTransferListenerAdapter - Downloaded http://maven.aksw.org/repository/snapshots/net/sourceforge/owlapi/owlapi-parsers/3.4.10/owlapi-parsers-3.4.10.jar
2024-09-26 13:09:23,229 [AetherRepositoryConnector-maven.aksw.org-3-3] INFO  o.e.m.c.i.e.AbstractTransferListenerAdapter - Downloaded http://maven.aksw.org/repository/snapshots/net/sourceforge/owlapi/owlapi-oboformat/3.4.10/owlapi-oboformat-3.4.10.jar
2024-09-26 13:09:23,230 [AetherRepositoryConnector-maven.aksw.org-3-4] INFO  o.e.m.c.i.e.AbstractTransferListenerAdapter - Downloaded http://maven.aksw.org/repository/snapshots/net/sourceforge/owlapi/owlapi-contract/3.4.10/owlapi-contract-3.4.10.jar
2024-09-26 13:09:23,243 [AetherRepositoryConnector-maven.aksw.org-3-2] INFO  o.e.m.c.i.e.AbstractTransferListenerAdapter - Downloaded http://maven.aksw.org/repository/snapshots/org/swinglabs/swingx/swingx-all/1.6.4/swingx-all-1.6.4.jar
2024-09-26 13:09:23,282 [BasicRepositoryConnector-C-4-1] INFO  o.e.m.c.i.e.AbstractTransferListenerAdapter - Downloaded file://C:\AML-Project-master\AgreementMakerLight/src/lib/net/sourceforge/owlapi/owlapi-distribution/3.4.10/owlapi-distribution-3.4.10.jar
2024-09-26 13:09:23,282 [BasicRepositoryConnector-C-4-3] INFO  o.e.m.c.i.e.AbstractTransferListenerAdapter - Downloaded file://C:\AML-Project-master\AgreementMakerLight/src/lib/org/apache/felix/org.osgi.core/1.4.0/org.osgi.core-1.4.0.jar
2024-09-26 13:09:23,282 [BasicRepositoryConnector-C-4-0] INFO  o.e.m.c.i.e.AbstractTransferListenerAdapter - Downloaded file://C:\AML-Project-master\AgreementMakerLight/src/lib/org/semanticweb/elk/elk-owlapi-standalone/0.4.1/elk-owlapi-standalone-0.4.1-bin.jar
2024-09-26 13:09:23,283 [BasicRepositoryConnector-C-4-4] INFO  o.e.m.c.i.e.AbstractTransferListenerAdapter - Downloaded file://C:\AML-Project-master\AgreementMakerLight/src/lib/net/sourceforge/owlapi/owlapi-api/3.4.10/owlapi-api-3.4.10.jar
2024-09-26 13:09:23,284 [BasicRepositoryConnector-C-4-1] INFO  o.e.m.c.i.e.AbstractTransferListenerAdapter - Downloaded file://C:\AML-Project-master\AgreementMakerLight/src/lib/net/sourceforge/owlapi/owlapi-tools/3.4.10/owlapi-tools-3.4.10.jar
2024-09-26 13:09:23,285 [BasicRepositoryConnector-C-4-3] INFO  o.e.m.c.i.e.AbstractTransferListenerAdapter - Downloaded file://C:\AML-Project-master\AgreementMakerLight/src/lib/net/sourceforge/owlapi/owlapi-impl/3.4.10/owlapi-impl-3.4.10.jar
2024-09-26 13:09:23,285 [BasicRepositoryConnector-C-4-4] INFO  o.e.m.c.i.e.AbstractTransferListenerAdapter - Downloaded file://C:\AML-Project-master\AgreementMakerLight/src/lib/net/sourceforge/owlapi/owlapi-oboformat/3.4.10/owlapi-oboformat-3.4.10.jar
2024-09-26 13:09:23,285 [BasicRepositoryConnector-C-4-0] INFO  o.e.m.c.i.e.AbstractTransferListenerAdapter - Downloaded file://C:\AML-Project-master\AgreementMakerLight/src/lib/net/sourceforge/owlapi/owlapi-parsers/3.4.10/owlapi-parsers-3.4.10.jar
2024-09-26 13:09:23,287 [BasicRepositoryConnector-C-4-1] INFO  o.e.m.c.i.e.AbstractTransferListenerAdapter - Downloaded file://C:\AML-Project-master\AgreementMakerLight/src/lib/net/sourceforge/owlapi/owlapi-contract/3.4.10/owlapi-contract-3.4.10.jar
2024-09-26 13:09:23,287 [BasicRepositoryConnector-C-4-3] INFO  o.e.m.c.i.e.AbstractTransferListenerAdapter - Downloaded file://C:\AML-Project-master\AgreementMakerLight/src/lib/org/swinglabs/swingx/swingx-all/1.6.4/swingx-all-1.6.4.jar
2024-09-26 13:09:23,288 [BasicRepositoryConnector-C-4-2] INFO  o.e.m.c.i.e.AbstractTransferListenerAdapter - Downloaded file://C:\AML-Project-master\AgreementMakerLight/src/lib/net/sourceforge/owlapi/owlapi-apibinding/3.4.10/owlapi-apibinding-3.4.10.jar
2024-09-26 13:09:23,345 [AetherRepositoryConnector-repo.maven.apache.org-5-3] INFO  o.e.m.c.i.e.AbstractTransferListenerAdapter - Downloading https://repo.maven.apache.org/maven2/org/apache/felix/org.osgi.core/1.4.0/org.osgi.core-1.4.0.jar
2024-09-26 13:09:23,404 [AetherRepositoryConnector-repo.maven.apache.org-5-3] INFO  o.e.m.c.i.e.AbstractTransferListenerAdapter - Downloaded https://repo.maven.apache.org/maven2/org/apache/felix/org.osgi.core/1.4.0/org.osgi.core-1.4.0.jar
2024-09-26 13:09:23,461 [AetherRepositoryConnector-repo.maven.apache.org-5-2] INFO  o.e.m.c.i.e.AbstractTransferListenerAdapter - Downloading https://repo.maven.apache.org/maven2/net/sourceforge/owlapi/owlapi-apibinding/3.4.10/owlapi-apibinding-3.4.10.jar
2024-09-26 13:09:23,486 [AetherRepositoryConnector-repo.maven.apache.org-5-4] INFO  o.e.m.c.i.e.AbstractTransferListenerAdapter - Downloading https://repo.maven.apache.org/maven2/net/sourceforge/owlapi/owlapi-api/3.4.10/owlapi-api-3.4.10.jar
2024-09-26 13:09:23,521 [AetherRepositoryConnector-repo.maven.apache.org-5-0] INFO  o.e.m.c.i.e.AbstractTransferListenerAdapter - Downloading https://repo.maven.apache.org/maven2/org/semanticweb/elk/elk-owlapi-standalone/0.4.1/elk-owlapi-standalone-0.4.1-bin.jar
2024-09-26 13:09:23,632 [AetherRepositoryConnector-repo.maven.apache.org-5-3] INFO  o.e.m.c.i.e.AbstractTransferListenerAdapter - Downloading https://repo.maven.apache.org/maven2/net/sourceforge/owlapi/owlapi-tools/3.4.10/owlapi-tools-3.4.10.jar
2024-09-26 13:09:23,681 [AetherRepositoryConnector-repo.maven.apache.org-5-2] INFO  o.e.m.c.i.e.AbstractTransferListenerAdapter - Downloaded https://repo.maven.apache.org/maven2/net/sourceforge/owlapi/owlapi-apibinding/3.4.10/owlapi-apibinding-3.4.10.jar
2024-09-26 13:09:23,830 [AetherRepositoryConnector-repo.maven.apache.org-5-2] INFO  o.e.m.c.i.e.AbstractTransferListenerAdapter - Downloading https://repo.maven.apache.org/maven2/net/sourceforge/owlapi/owlapi-impl/3.4.10/owlapi-impl-3.4.10.jar
2024-09-26 13:09:23,843 [AetherRepositoryConnector-repo.maven.apache.org-5-4] INFO  o.e.m.c.i.e.AbstractTransferListenerAdapter - Downloaded https://repo.maven.apache.org/maven2/net/sourceforge/owlapi/owlapi-api/3.4.10/owlapi-api-3.4.10.jar
2024-09-26 13:09:23,845 [AetherRepositoryConnector-repo.maven.apache.org-5-3] INFO  o.e.m.c.i.e.AbstractTransferListenerAdapter - Downloaded https://repo.maven.apache.org/maven2/net/sourceforge/owlapi/owlapi-tools/3.4.10/owlapi-tools-3.4.10.jar
2024-09-26 13:09:23,922 [AetherRepositoryConnector-repo.maven.apache.org-5-1] INFO  o.e.m.c.i.e.AbstractTransferListenerAdapter - Downloading https://repo.maven.apache.org/maven2/net/sourceforge/owlapi/owlapi-distribution/3.4.10/owlapi-distribution-3.4.10.jar
2024-09-26 13:09:24,082 [AetherRepositoryConnector-repo.maven.apache.org-5-2] INFO  o.e.m.c.i.e.AbstractTransferListenerAdapter - Downloaded https://repo.maven.apache.org/maven2/net/sourceforge/owlapi/owlapi-impl/3.4.10/owlapi-impl-3.4.10.jar
2024-09-26 13:09:24,121 [AetherRepositoryConnector-repo.maven.apache.org-5-3] INFO  o.e.m.c.i.e.AbstractTransferListenerAdapter - Downloading https://repo.maven.apache.org/maven2/net/sourceforge/owlapi/owlapi-oboformat/3.4.10/owlapi-oboformat-3.4.10.jar
2024-09-26 13:09:24,334 [AetherRepositoryConnector-repo.maven.apache.org-5-4] INFO  o.e.m.c.i.e.AbstractTransferListenerAdapter - Downloading https://repo.maven.apache.org/maven2/net/sourceforge/owlapi/owlapi-parsers/3.4.10/owlapi-parsers-3.4.10.jar
2024-09-26 13:09:24,424 [AetherRepositoryConnector-repo.maven.apache.org-5-0] INFO  o.e.m.c.i.e.AbstractTransferListenerAdapter - Downloaded https://repo.maven.apache.org/maven2/org/semanticweb/elk/elk-owlapi-standalone/0.4.1/elk-owlapi-standalone-0.4.1-bin.jar
2024-09-26 13:09:24,652 [AetherRepositoryConnector-repo.maven.apache.org-5-2] INFO  o.e.m.c.i.e.AbstractTransferListenerAdapter - Downloading https://repo.maven.apache.org/maven2/net/sourceforge/owlapi/owlapi-contract/3.4.10/owlapi-contract-3.4.10.jar
2024-09-26 13:09:25,132 [AetherRepositoryConnector-repo.maven.apache.org-5-0] INFO  o.e.m.c.i.e.AbstractTransferListenerAdapter - Downloading https://repo.maven.apache.org/maven2/org/swinglabs/swingx/swingx-all/1.6.4/swingx-all-1.6.4.jar
2024-09-26 13:09:25,144 [AetherRepositoryConnector-repo.maven.apache.org-5-3] INFO  o.e.m.c.i.e.AbstractTransferListenerAdapter - Downloaded https://repo.maven.apache.org/maven2/net/sourceforge/owlapi/owlapi-oboformat/3.4.10/owlapi-oboformat-3.4.10.jar
2024-09-26 13:09:25,366 [AetherRepositoryConnector-repo.maven.apache.org-5-2] INFO  o.e.m.c.i.e.AbstractTransferListenerAdapter - Downloaded https://repo.maven.apache.org/maven2/net/sourceforge/owlapi/owlapi-contract/3.4.10/owlapi-contract-3.4.10.jar
2024-09-26 13:09:26,365 [AetherRepositoryConnector-repo.maven.apache.org-5-4] INFO  o.e.m.c.i.e.AbstractTransferListenerAdapter - Downloaded https://repo.maven.apache.org/maven2/net/sourceforge/owlapi/owlapi-parsers/3.4.10/owlapi-parsers-3.4.10.jar
2024-09-26 13:09:26,400 [AetherRepositoryConnector-repo.maven.apache.org-5-1] INFO  o.e.m.c.i.e.AbstractTransferListenerAdapter - Downloaded https://repo.maven.apache.org/maven2/net/sourceforge/owlapi/owlapi-distribution/3.4.10/owlapi-distribution-3.4.10.jar
2024-09-26 13:09:26,551 [AetherRepositoryConnector-repo.maven.apache.org-5-0] INFO  o.e.m.c.i.e.AbstractTransferListenerAdapter - Downloaded https://repo.maven.apache.org/maven2/org/swinglabs/swingx/swingx-all/1.6.4/swingx-all-1.6.4.jar
2024-09-26 13:12:18,639 [Worker-38: reload maven project] ERROR o.e.m2e.editor.pom.MavenPomEditor - failed to load maven project for org.eclipse.ui.part.FileEditorInput(/AgreementMakerLight/pom.xml)
org.eclipse.core.runtime.CoreException: Could not read maven project
	at org.eclipse.m2e.core.internal.project.registry.ProjectRegistryManager.readProjectWithDependencies(ProjectRegistryManager.java:850)
	at org.eclipse.m2e.core.internal.project.registry.ProjectRegistryManager.lambda$22(ProjectRegistryManager.java:1070)
	at com.google.common.cache.LocalCache$LocalManualCache$1.load(LocalCache.java:4878)
	at com.google.common.cache.LocalCache$LoadingValueReference.loadFuture(LocalCache.java:3529)
	at com.google.common.cache.LocalCache$Segment.loadSync(LocalCache.java:2278)
	at com.google.common.cache.LocalCache$Segment.lockedGetOrLoad(LocalCache.java:2155)
	at com.google.common.cache.LocalCache$Segment.get(LocalCache.java:2045)
	at com.google.common.cache.LocalCache.get(LocalCache.java:3953)
	at com.google.common.cache.LocalCache$LocalManualCache.get(LocalCache.java:4873)
	at org.eclipse.m2e.core.internal.project.registry.ProjectRegistryManager.getMavenProject(ProjectRegistryManager.java:1069)
	at org.eclipse.m2e.core.internal.project.registry.MavenProjectFacade.getMavenProject(MavenProjectFacade.java:251)
	at org.eclipse.m2e.core.ui.internal.actions.SelectionUtil.getMavenProject(SelectionUtil.java:260)
	at org.eclipse.m2e.editor.pom.MavenPomEditor.readMavenProject(MavenPomEditor.java:632)
	at org.eclipse.m2e.editor.pom.MavenPomEditor$3.run(MavenPomEditor.java:936)
	at org.eclipse.core.internal.jobs.Worker.run(Worker.java:63)
2024-09-26 20:48:03,144 [Worker-0: Loading available Gradle versions] INFO  o.e.b.c.i.u.g.PublishedGradleVersions - Gradle version information cache is up-to-date. Trying to read.
2024-09-27 17:52:20,358 [Worker-0: Loading available Gradle versions] INFO  o.e.b.c.i.u.g.PublishedGradleVersions - Gradle version information cache is out-of-date. Trying to update.
2024-09-28 11:21:33,011 [Worker-0: Loading available Gradle versions] INFO  o.e.b.c.i.u.g.PublishedGradleVersions - Gradle version information cache is up-to-date. Trying to read.
2024-09-28 14:40:55,368 [Worker-7: Loading available Gradle versions] INFO  o.e.b.c.i.u.g.PublishedGradleVersions - Gradle version information cache is up-to-date. Trying to read.
2024-09-28 19:37:41,226 [Worker-1: Loading available Gradle versions] INFO  o.e.b.c.i.u.g.PublishedGradleVersions - Gradle version information cache is out-of-date. Trying to update.
2024-09-28 19:37:51,524 [Worker-1: Loading available Gradle versions] INFO  o.e.b.c.i.u.g.PublishedGradleVersions - Updating Gradle version information cache failed. Using outdated cache.
2024-09-29 13:03:03,458 [Worker-4: Loading available Gradle versions] INFO  o.e.b.c.i.u.g.PublishedGradleVersions - Gradle version information cache is out-of-date. Trying to update.
2024-10-09 21:15:29,879 [Worker-4: Loading available Gradle versions] INFO  o.e.b.c.i.u.g.PublishedGradleVersions - Gradle version information cache is out-of-date. Trying to update.
2024-10-10 21:34:43,851 [Worker-0: Loading available Gradle versions] INFO  o.e.b.c.i.u.g.PublishedGradleVersions - Gradle version information cache is out-of-date. Trying to update.
2024-10-14 01:12:08,364 [Worker-4: Loading available Gradle versions] INFO  o.e.b.c.i.u.g.PublishedGradleVersions - Gradle version information cache is out-of-date. Trying to update.
2024-10-14 13:08:24,736 [Worker-0: Loading available Gradle versions] INFO  o.e.b.c.i.u.g.PublishedGradleVersions - Gradle version information cache is up-to-date. Trying to read.
2024-10-22 14:00:09,689 [Worker-11: Loading available Gradle versions] INFO  o.e.b.c.i.u.g.PublishedGradleVersions - Gradle version information cache is up-to-date. Trying to read.
2024-10-23 00:47:43,805 [Worker-4: Loading available Gradle versions] INFO  o.e.b.c.i.u.g.PublishedGradleVersions - Gradle version information cache is out-of-date. Trying to update.
2024-10-23 00:47:55,021 [Worker-4: Loading available Gradle versions] INFO  o.e.b.c.i.u.g.PublishedGradleVersions - Updating Gradle version information cache failed. Using outdated cache.
2025-02-06 03:14:37,130 [Worker-11: Loading available Gradle versions] INFO  o.e.b.c.i.u.g.PublishedGradleVersions - Gradle version information cache is out-of-date. Trying to update.
2025-02-06 03:58:28,123 [Worker-0: Loading available Gradle versions] INFO  o.e.b.c.i.u.g.PublishedGradleVersions - Gradle version information cache is up-to-date. Trying to read.
